#
# There is insufficient memory for the Java Runtime Environment to continue.
# Native memory allocation (malloc) failed to allocate 32744 bytes for ChunkPool::allocate
# Possible reasons:
#   The system is out of physical RAM or swap space
#   The process is running with CompressedOops enabled, and the Java Heap may be blocking the growth of the native heap
# Possible solutions:
#   Reduce memory load on the system
#   Increase physical memory or swap space
#   Check if swap backing store is full
#   Decrease Java heap size (-Xmx/-Xms)
#   Decrease number of Java threads
#   Decrease Java thread stack sizes (-Xss)
#   Set larger code cache with -XX:ReservedCodeCacheSize=
#   JVM is running with Zero Based Compressed Oops mode in which the Java heap is
#     placed in the first 32GB address space. The Java Heap base address is the
#     maximum limit for the native heap growth. Please use -XX:HeapBaseMinAddress
#     to set the Java Heap base and to place the Java Heap above 32GB virtual address.
# This output file may be truncated or incomplete.
#
#  Out of Memory Error (arena.cpp:78), pid=12504, tid=25980
#
# JRE version: OpenJDK Runtime Environment Temurin-17.0.2+8 (17.0.2+8) (build 17.0.2+8)
# Java VM: OpenJDK 64-Bit Server VM Temurin-17.0.2+8 (17.0.2+8, mixed mode, tiered, compressed oops, compressed class ptrs, g1 gc, windows-amd64)
# No core dump will be written. Minidumps are not enabled by default on client versions of Windows
#

---------------  S U M M A R Y ------------

Command Line: -Dfile.encoding=Cp1252 -XX:+ShowCodeDetailsInExceptionMessages entry

Host: Intel(R) Core(TM) i5-9600K CPU @ 3.70GHz, 6 cores, 15G,  Windows 10 , 64 bit Build 19041 (10.0.19041.1706)
Time: Sun Jun 12 00:18:31 2022 GMT Daylight Time elapsed time: 0.047362 seconds (0d 0h 0m 0s)

---------------  T H R E A D  ---------------

Current thread (0x000001b67a467e80):  JavaThread "C2 CompilerThread0" daemon [_thread_in_vm, id=25980, stack(0x0000004aa4f00000,0x0000004aa5000000)]

Stack: [0x0000004aa4f00000,0x0000004aa5000000]
Native frames: (J=compiled Java code, j=interpreted, Vv=VM code, C=native code)
V  [jvm.dll+0x67564a]
V  [jvm.dll+0x82fc04]
V  [jvm.dll+0x8313ae]
V  [jvm.dll+0x831a13]
V  [jvm.dll+0x245235]
V  [jvm.dll+0xabfc0]
V  [jvm.dll+0xac30c]
V  [jvm.dll+0x1c7f06]
V  [jvm.dll+0x1c7a96]
V  [jvm.dll+0x1d6bc0]
V  [jvm.dll+0x1d6e13]
V  [jvm.dll+0x224e8f]
V  [jvm.dll+0x7e596b]
V  [jvm.dll+0x7dff2a]
V  [jvm.dll+0x6744d5]
C  [ucrtbase.dll+0x21bb2]
C  [KERNEL32.DLL+0x17034]
C  [ntdll.dll+0x52651]


---------------  P R O C E S S  ---------------

Threads class SMR info:
_java_thread_list=0x000001b67a46d760, length=10, elements={
0x000001b65b2efa30, 0x000001b6799fa3f0, 0x000001b6799fdd20, 0x000001b67a45d010,
0x000001b67a45e8e0, 0x000001b67a460d60, 0x000001b67a4639e0, 0x000001b67a467e80,
0x000001b67a4713a0, 0x000001b67a4738c0
}

Java Threads: ( => current thread )
  0x000001b65b2efa30 JavaThread "main" [_thread_in_vm, id=20844, stack(0x0000004aa4200000,0x0000004aa4300000)]
  0x000001b6799fa3f0 JavaThread "Reference Handler" daemon [_thread_blocked, id=18092, stack(0x0000004aa4900000,0x0000004aa4a00000)]
  0x000001b6799fdd20 JavaThread "Finalizer" daemon [_thread_blocked, id=21472, stack(0x0000004aa4a00000,0x0000004aa4b00000)]
  0x000001b67a45d010 JavaThread "Signal Dispatcher" daemon [_thread_blocked, id=16656, stack(0x0000004aa4b00000,0x0000004aa4c00000)]
  0x000001b67a45e8e0 JavaThread "Attach Listener" daemon [_thread_blocked, id=15344, stack(0x0000004aa4c00000,0x0000004aa4d00000)]
  0x000001b67a460d60 JavaThread "Service Thread" daemon [_thread_blocked, id=14780, stack(0x0000004aa4d00000,0x0000004aa4e00000)]
  0x000001b67a4639e0 JavaThread "Monitor Deflation Thread" daemon [_thread_blocked, id=24380, stack(0x0000004aa4e00000,0x0000004aa4f00000)]
=>0x000001b67a467e80 JavaThread "C2 CompilerThread0" daemon [_thread_in_vm, id=25980, stack(0x0000004aa4f00000,0x0000004aa5000000)]
  0x000001b67a4713a0 JavaThread "C1 CompilerThread0" daemon [_thread_blocked, id=24636, stack(0x0000004aa5000000,0x0000004aa5100000)]
  0x000001b67a4738c0 JavaThread "Sweeper thread" daemon [_thread_blocked, id=10664, stack(0x0000004aa5100000,0x0000004aa5200000)]

Other Threads:
  0x000001b67a41ef80 VMThread "VM Thread" [stack: 0x0000004aa4800000,0x0000004aa4900000] [id=24384]
  0x000001b65b33d450 GCTaskThread "GC Thread#0" [stack: 0x0000004aa4300000,0x0000004aa4400000] [id=21228]
  0x000001b65b34f820 ConcurrentGCThread "G1 Main Marker" [stack: 0x0000004aa4400000,0x0000004aa4500000] [id=20432]
  0x000001b65b350140 ConcurrentGCThread "G1 Conc#0" [stack: 0x0000004aa4500000,0x0000004aa4600000] [id=8296]
  0x000001b65b3bfce0 ConcurrentGCThread "G1 Refine#0" [stack: 0x0000004aa4600000,0x0000004aa4700000] [id=12452]
  0x000001b679862ff0 ConcurrentGCThread "G1 Service" [stack: 0x0000004aa4700000,0x0000004aa4800000] [id=23444]

Threads with active compile tasks:

VM state: not at safepoint (normal execution)

VM Mutex/Monitor currently owned by a thread:  ([mutex/lock_event])
[0x000001b65b2ea3a0] CompileThread_lock - owner thread: 0x000001b67a467e80

Heap address: 0x0000000702200000, size: 4062 MB, Compressed Oops mode: Zero based, Oop shift amount: 3

CDS archive(s) not mapped
Compressed class space mapped at: 0x0000000800000000-0x0000000840000000, reserved size: 1073741824
Narrow klass base: 0x0000000800000000, Narrow klass shift: 0, Narrow klass range: 0x40000000

GC Precious Log:
 CPUs: 6 total, 6 available
 Memory: 16246M
 Large Page Support: Disabled
 NUMA Support: Disabled
 Compressed Oops: Enabled (Zero based)
 Heap Region Size: 2M
 Heap Min Capacity: 8M
 Heap Initial Capacity: 254M
 Heap Max Capacity: 4062M
 Pre-touch: Disabled
 Parallel Workers: 6
 Concurrent Workers: 2
 Concurrent Refinement Workers: 6
 Periodic GC: Disabled

Heap:
 garbage-first heap   total 260096K, used 0K [0x0000000702200000, 0x0000000800000000)
  region size 2048K, 1 young (2048K), 0 survivors (0K)
 Metaspace       used 2676K, committed 2752K, reserved 1056768K
  class space    used 203K, committed 256K, reserved 1048576K

Heap Regions: E=young(eden), S=young(survivor), O=old, HS=humongous(starts), HC=humongous(continues), CS=collection set, F=free, OA=open archive, CA=closed archive, TAMS=top-at-mark-start (previous, next)
|   0|0x0000000702200000, 0x0000000702200000, 0x0000000702400000|  0%| F|  |TAMS 0x0000000702200000, 0x0000000702200000| Untracked 
|   1|0x0000000702400000, 0x0000000702400000, 0x0000000702600000|  0%| F|  |TAMS 0x0000000702400000, 0x0000000702400000| Untracked 
|   2|0x0000000702600000, 0x0000000702600000, 0x0000000702800000|  0%| F|  |TAMS 0x0000000702600000, 0x0000000702600000| Untracked 
|   3|0x0000000702800000, 0x0000000702800000, 0x0000000702a00000|  0%| F|  |TAMS 0x0000000702800000, 0x0000000702800000| Untracked 
|   4|0x0000000702a00000, 0x0000000702a00000, 0x0000000702c00000|  0%| F|  |TAMS 0x0000000702a00000, 0x0000000702a00000| Untracked 
|   5|0x0000000702c00000, 0x0000000702c00000, 0x0000000702e00000|  0%| F|  |TAMS 0x0000000702c00000, 0x0000000702c00000| Untracked 
|   6|0x0000000702e00000, 0x0000000702e00000, 0x0000000703000000|  0%| F|  |TAMS 0x0000000702e00000, 0x0000000702e00000| Untracked 
|   7|0x0000000703000000, 0x0000000703000000, 0x0000000703200000|  0%| F|  |TAMS 0x0000000703000000, 0x0000000703000000| Untracked 
|   8|0x0000000703200000, 0x0000000703200000, 0x0000000703400000|  0%| F|  |TAMS 0x0000000703200000, 0x0000000703200000| Untracked 
|   9|0x0000000703400000, 0x0000000703400000, 0x0000000703600000|  0%| F|  |TAMS 0x0000000703400000, 0x0000000703400000| Untracked 
|  10|0x0000000703600000, 0x0000000703600000, 0x0000000703800000|  0%| F|  |TAMS 0x0000000703600000, 0x0000000703600000| Untracked 
|  11|0x0000000703800000, 0x0000000703800000, 0x0000000703a00000|  0%| F|  |TAMS 0x0000000703800000, 0x0000000703800000| Untracked 
|  12|0x0000000703a00000, 0x0000000703a00000, 0x0000000703c00000|  0%| F|  |TAMS 0x0000000703a00000, 0x0000000703a00000| Untracked 
|  13|0x0000000703c00000, 0x0000000703c00000, 0x0000000703e00000|  0%| F|  |TAMS 0x0000000703c00000, 0x0000000703c00000| Untracked 
|  14|0x0000000703e00000, 0x0000000703e00000, 0x0000000704000000|  0%| F|  |TAMS 0x0000000703e00000, 0x0000000703e00000| Untracked 
|  15|0x0000000704000000, 0x0000000704000000, 0x0000000704200000|  0%| F|  |TAMS 0x0000000704000000, 0x0000000704000000| Untracked 
|  16|0x0000000704200000, 0x0000000704200000, 0x0000000704400000|  0%| F|  |TAMS 0x0000000704200000, 0x0000000704200000| Untracked 
|  17|0x0000000704400000, 0x0000000704400000, 0x0000000704600000|  0%| F|  |TAMS 0x0000000704400000, 0x0000000704400000| Untracked 
|  18|0x0000000704600000, 0x0000000704600000, 0x0000000704800000|  0%| F|  |TAMS 0x0000000704600000, 0x0000000704600000| Untracked 
|  19|0x0000000704800000, 0x0000000704800000, 0x0000000704a00000|  0%| F|  |TAMS 0x0000000704800000, 0x0000000704800000| Untracked 
|  20|0x0000000704a00000, 0x0000000704a00000, 0x0000000704c00000|  0%| F|  |TAMS 0x0000000704a00000, 0x0000000704a00000| Untracked 
|  21|0x0000000704c00000, 0x0000000704c00000, 0x0000000704e00000|  0%| F|  |TAMS 0x0000000704c00000, 0x0000000704c00000| Untracked 
|  22|0x0000000704e00000, 0x0000000704e00000, 0x0000000705000000|  0%| F|  |TAMS 0x0000000704e00000, 0x0000000704e00000| Untracked 
|  23|0x0000000705000000, 0x0000000705000000, 0x0000000705200000|  0%| F|  |TAMS 0x0000000705000000, 0x0000000705000000| Untracked 
|  24|0x0000000705200000, 0x0000000705200000, 0x0000000705400000|  0%| F|  |TAMS 0x0000000705200000, 0x0000000705200000| Untracked 
|  25|0x0000000705400000, 0x0000000705400000, 0x0000000705600000|  0%| F|  |TAMS 0x0000000705400000, 0x0000000705400000| Untracked 
|  26|0x0000000705600000, 0x0000000705600000, 0x0000000705800000|  0%| F|  |TAMS 0x0000000705600000, 0x0000000705600000| Untracked 
|  27|0x0000000705800000, 0x0000000705800000, 0x0000000705a00000|  0%| F|  |TAMS 0x0000000705800000, 0x0000000705800000| Untracked 
|  28|0x0000000705a00000, 0x0000000705a00000, 0x0000000705c00000|  0%| F|  |TAMS 0x0000000705a00000, 0x0000000705a00000| Untracked 
|  29|0x0000000705c00000, 0x0000000705c00000, 0x0000000705e00000|  0%| F|  |TAMS 0x0000000705c00000, 0x0000000705c00000| Untracked 
|  30|0x0000000705e00000, 0x0000000705e00000, 0x0000000706000000|  0%| F|  |TAMS 0x0000000705e00000, 0x0000000705e00000| Untracked 
|  31|0x0000000706000000, 0x0000000706000000, 0x0000000706200000|  0%| F|  |TAMS 0x0000000706000000, 0x0000000706000000| Untracked 
|  32|0x0000000706200000, 0x0000000706200000, 0x0000000706400000|  0%| F|  |TAMS 0x0000000706200000, 0x0000000706200000| Untracked 
|  33|0x0000000706400000, 0x0000000706400000, 0x0000000706600000|  0%| F|  |TAMS 0x0000000706400000, 0x0000000706400000| Untracked 
|  34|0x0000000706600000, 0x0000000706600000, 0x0000000706800000|  0%| F|  |TAMS 0x0000000706600000, 0x0000000706600000| Untracked 
|  35|0x0000000706800000, 0x0000000706800000, 0x0000000706a00000|  0%| F|  |TAMS 0x0000000706800000, 0x0000000706800000| Untracked 
|  36|0x0000000706a00000, 0x0000000706a00000, 0x0000000706c00000|  0%| F|  |TAMS 0x0000000706a00000, 0x0000000706a00000| Untracked 
|  37|0x0000000706c00000, 0x0000000706c00000, 0x0000000706e00000|  0%| F|  |TAMS 0x0000000706c00000, 0x0000000706c00000| Untracked 
|  38|0x0000000706e00000, 0x0000000706e00000, 0x0000000707000000|  0%| F|  |TAMS 0x0000000706e00000, 0x0000000706e00000| Untracked 
|  39|0x0000000707000000, 0x0000000707000000, 0x0000000707200000|  0%| F|  |TAMS 0x0000000707000000, 0x0000000707000000| Untracked 
|  40|0x0000000707200000, 0x0000000707200000, 0x0000000707400000|  0%| F|  |TAMS 0x0000000707200000, 0x0000000707200000| Untracked 
|  41|0x0000000707400000, 0x0000000707400000, 0x0000000707600000|  0%| F|  |TAMS 0x0000000707400000, 0x0000000707400000| Untracked 
|  42|0x0000000707600000, 0x0000000707600000, 0x0000000707800000|  0%| F|  |TAMS 0x0000000707600000, 0x0000000707600000| Untracked 
|  43|0x0000000707800000, 0x0000000707800000, 0x0000000707a00000|  0%| F|  |TAMS 0x0000000707800000, 0x0000000707800000| Untracked 
|  44|0x0000000707a00000, 0x0000000707a00000, 0x0000000707c00000|  0%| F|  |TAMS 0x0000000707a00000, 0x0000000707a00000| Untracked 
|  45|0x0000000707c00000, 0x0000000707c00000, 0x0000000707e00000|  0%| F|  |TAMS 0x0000000707c00000, 0x0000000707c00000| Untracked 
|  46|0x0000000707e00000, 0x0000000707e00000, 0x0000000708000000|  0%| F|  |TAMS 0x0000000707e00000, 0x0000000707e00000| Untracked 
|  47|0x0000000708000000, 0x0000000708000000, 0x0000000708200000|  0%| F|  |TAMS 0x0000000708000000, 0x0000000708000000| Untracked 
|  48|0x0000000708200000, 0x0000000708200000, 0x0000000708400000|  0%| F|  |TAMS 0x0000000708200000, 0x0000000708200000| Untracked 
|  49|0x0000000708400000, 0x0000000708400000, 0x0000000708600000|  0%| F|  |TAMS 0x0000000708400000, 0x0000000708400000| Untracked 
|  50|0x0000000708600000, 0x0000000708600000, 0x0000000708800000|  0%| F|  |TAMS 0x0000000708600000, 0x0000000708600000| Untracked 
|  51|0x0000000708800000, 0x0000000708800000, 0x0000000708a00000|  0%| F|  |TAMS 0x0000000708800000, 0x0000000708800000| Untracked 
|  52|0x0000000708a00000, 0x0000000708a00000, 0x0000000708c00000|  0%| F|  |TAMS 0x0000000708a00000, 0x0000000708a00000| Untracked 
|  53|0x0000000708c00000, 0x0000000708c00000, 0x0000000708e00000|  0%| F|  |TAMS 0x0000000708c00000, 0x0000000708c00000| Untracked 
|  54|0x0000000708e00000, 0x0000000708e00000, 0x0000000709000000|  0%| F|  |TAMS 0x0000000708e00000, 0x0000000708e00000| Untracked 
|  55|0x0000000709000000, 0x0000000709000000, 0x0000000709200000|  0%| F|  |TAMS 0x0000000709000000, 0x0000000709000000| Untracked 
|  56|0x0000000709200000, 0x0000000709200000, 0x0000000709400000|  0%| F|  |TAMS 0x0000000709200000, 0x0000000709200000| Untracked 
|  57|0x0000000709400000, 0x0000000709400000, 0x0000000709600000|  0%| F|  |TAMS 0x0000000709400000, 0x0000000709400000| Untracked 
|  58|0x0000000709600000, 0x0000000709600000, 0x0000000709800000|  0%| F|  |TAMS 0x0000000709600000, 0x0000000709600000| Untracked 
|  59|0x0000000709800000, 0x0000000709800000, 0x0000000709a00000|  0%| F|  |TAMS 0x0000000709800000, 0x0000000709800000| Untracked 
|  60|0x0000000709a00000, 0x0000000709a00000, 0x0000000709c00000|  0%| F|  |TAMS 0x0000000709a00000, 0x0000000709a00000| Untracked 
|  61|0x0000000709c00000, 0x0000000709c00000, 0x0000000709e00000|  0%| F|  |TAMS 0x0000000709c00000, 0x0000000709c00000| Untracked 
|  62|0x0000000709e00000, 0x0000000709e00000, 0x000000070a000000|  0%| F|  |TAMS 0x0000000709e00000, 0x0000000709e00000| Untracked 
|  63|0x000000070a000000, 0x000000070a000000, 0x000000070a200000|  0%| F|  |TAMS 0x000000070a000000, 0x000000070a000000| Untracked 
|  64|0x000000070a200000, 0x000000070a200000, 0x000000070a400000|  0%| F|  |TAMS 0x000000070a200000, 0x000000070a200000| Untracked 
|  65|0x000000070a400000, 0x000000070a400000, 0x000000070a600000|  0%| F|  |TAMS 0x000000070a400000, 0x000000070a400000| Untracked 
|  66|0x000000070a600000, 0x000000070a600000, 0x000000070a800000|  0%| F|  |TAMS 0x000000070a600000, 0x000000070a600000| Untracked 
|  67|0x000000070a800000, 0x000000070a800000, 0x000000070aa00000|  0%| F|  |TAMS 0x000000070a800000, 0x000000070a800000| Untracked 
|  68|0x000000070aa00000, 0x000000070aa00000, 0x000000070ac00000|  0%| F|  |TAMS 0x000000070aa00000, 0x000000070aa00000| Untracked 
|  69|0x000000070ac00000, 0x000000070ac00000, 0x000000070ae00000|  0%| F|  |TAMS 0x000000070ac00000, 0x000000070ac00000| Untracked 
|  70|0x000000070ae00000, 0x000000070ae00000, 0x000000070b000000|  0%| F|  |TAMS 0x000000070ae00000, 0x000000070ae00000| Untracked 
|  71|0x000000070b000000, 0x000000070b000000, 0x000000070b200000|  0%| F|  |TAMS 0x000000070b000000, 0x000000070b000000| Untracked 
|  72|0x000000070b200000, 0x000000070b200000, 0x000000070b400000|  0%| F|  |TAMS 0x000000070b200000, 0x000000070b200000| Untracked 
|  73|0x000000070b400000, 0x000000070b400000, 0x000000070b600000|  0%| F|  |TAMS 0x000000070b400000, 0x000000070b400000| Untracked 
|  74|0x000000070b600000, 0x000000070b600000, 0x000000070b800000|  0%| F|  |TAMS 0x000000070b600000, 0x000000070b600000| Untracked 
|  75|0x000000070b800000, 0x000000070b800000, 0x000000070ba00000|  0%| F|  |TAMS 0x000000070b800000, 0x000000070b800000| Untracked 
|  76|0x000000070ba00000, 0x000000070ba00000, 0x000000070bc00000|  0%| F|  |TAMS 0x000000070ba00000, 0x000000070ba00000| Untracked 
|  77|0x000000070bc00000, 0x000000070bc00000, 0x000000070be00000|  0%| F|  |TAMS 0x000000070bc00000, 0x000000070bc00000| Untracked 
|  78|0x000000070be00000, 0x000000070be00000, 0x000000070c000000|  0%| F|  |TAMS 0x000000070be00000, 0x000000070be00000| Untracked 
|  79|0x000000070c000000, 0x000000070c000000, 0x000000070c200000|  0%| F|  |TAMS 0x000000070c000000, 0x000000070c000000| Untracked 
|  80|0x000000070c200000, 0x000000070c200000, 0x000000070c400000|  0%| F|  |TAMS 0x000000070c200000, 0x000000070c200000| Untracked 
|  81|0x000000070c400000, 0x000000070c400000, 0x000000070c600000|  0%| F|  |TAMS 0x000000070c400000, 0x000000070c400000| Untracked 
|  82|0x000000070c600000, 0x000000070c600000, 0x000000070c800000|  0%| F|  |TAMS 0x000000070c600000, 0x000000070c600000| Untracked 
|  83|0x000000070c800000, 0x000000070c800000, 0x000000070ca00000|  0%| F|  |TAMS 0x000000070c800000, 0x000000070c800000| Untracked 
|  84|0x000000070ca00000, 0x000000070ca00000, 0x000000070cc00000|  0%| F|  |TAMS 0x000000070ca00000, 0x000000070ca00000| Untracked 
|  85|0x000000070cc00000, 0x000000070cc00000, 0x000000070ce00000|  0%| F|  |TAMS 0x000000070cc00000, 0x000000070cc00000| Untracked 
|  86|0x000000070ce00000, 0x000000070ce00000, 0x000000070d000000|  0%| F|  |TAMS 0x000000070ce00000, 0x000000070ce00000| Untracked 
|  87|0x000000070d000000, 0x000000070d000000, 0x000000070d200000|  0%| F|  |TAMS 0x000000070d000000, 0x000000070d000000| Untracked 
|  88|0x000000070d200000, 0x000000070d200000, 0x000000070d400000|  0%| F|  |TAMS 0x000000070d200000, 0x000000070d200000| Untracked 
|  89|0x000000070d400000, 0x000000070d400000, 0x000000070d600000|  0%| F|  |TAMS 0x000000070d400000, 0x000000070d400000| Untracked 
|  90|0x000000070d600000, 0x000000070d600000, 0x000000070d800000|  0%| F|  |TAMS 0x000000070d600000, 0x000000070d600000| Untracked 
|  91|0x000000070d800000, 0x000000070d800000, 0x000000070da00000|  0%| F|  |TAMS 0x000000070d800000, 0x000000070d800000| Untracked 
|  92|0x000000070da00000, 0x000000070da00000, 0x000000070dc00000|  0%| F|  |TAMS 0x000000070da00000, 0x000000070da00000| Untracked 
|  93|0x000000070dc00000, 0x000000070dc00000, 0x000000070de00000|  0%| F|  |TAMS 0x000000070dc00000, 0x000000070dc00000| Untracked 
|  94|0x000000070de00000, 0x000000070de00000, 0x000000070e000000|  0%| F|  |TAMS 0x000000070de00000, 0x000000070de00000| Untracked 
|  95|0x000000070e000000, 0x000000070e000000, 0x000000070e200000|  0%| F|  |TAMS 0x000000070e000000, 0x000000070e000000| Untracked 
|  96|0x000000070e200000, 0x000000070e200000, 0x000000070e400000|  0%| F|  |TAMS 0x000000070e200000, 0x000000070e200000| Untracked 
|  97|0x000000070e400000, 0x000000070e400000, 0x000000070e600000|  0%| F|  |TAMS 0x000000070e400000, 0x000000070e400000| Untracked 
|  98|0x000000070e600000, 0x000000070e600000, 0x000000070e800000|  0%| F|  |TAMS 0x000000070e600000, 0x000000070e600000| Untracked 
|  99|0x000000070e800000, 0x000000070e800000, 0x000000070ea00000|  0%| F|  |TAMS 0x000000070e800000, 0x000000070e800000| Untracked 
| 100|0x000000070ea00000, 0x000000070ea00000, 0x000000070ec00000|  0%| F|  |TAMS 0x000000070ea00000, 0x000000070ea00000| Untracked 
| 101|0x000000070ec00000, 0x000000070ec00000, 0x000000070ee00000|  0%| F|  |TAMS 0x000000070ec00000, 0x000000070ec00000| Untracked 
| 102|0x000000070ee00000, 0x000000070ee00000, 0x000000070f000000|  0%| F|  |TAMS 0x000000070ee00000, 0x000000070ee00000| Untracked 
| 103|0x000000070f000000, 0x000000070f000000, 0x000000070f200000|  0%| F|  |TAMS 0x000000070f000000, 0x000000070f000000| Untracked 
| 104|0x000000070f200000, 0x000000070f200000, 0x000000070f400000|  0%| F|  |TAMS 0x000000070f200000, 0x000000070f200000| Untracked 
| 105|0x000000070f400000, 0x000000070f400000, 0x000000070f600000|  0%| F|  |TAMS 0x000000070f400000, 0x000000070f400000| Untracked 
| 106|0x000000070f600000, 0x000000070f600000, 0x000000070f800000|  0%| F|  |TAMS 0x000000070f600000, 0x000000070f600000| Untracked 
| 107|0x000000070f800000, 0x000000070f800000, 0x000000070fa00000|  0%| F|  |TAMS 0x000000070f800000, 0x000000070f800000| Untracked 
| 108|0x000000070fa00000, 0x000000070fa00000, 0x000000070fc00000|  0%| F|  |TAMS 0x000000070fa00000, 0x000000070fa00000| Untracked 
| 109|0x000000070fc00000, 0x000000070fc00000, 0x000000070fe00000|  0%| F|  |TAMS 0x000000070fc00000, 0x000000070fc00000| Untracked 
| 110|0x000000070fe00000, 0x000000070fe00000, 0x0000000710000000|  0%| F|  |TAMS 0x000000070fe00000, 0x000000070fe00000| Untracked 
| 111|0x0000000710000000, 0x0000000710000000, 0x0000000710200000|  0%| F|  |TAMS 0x0000000710000000, 0x0000000710000000| Untracked 
| 112|0x0000000710200000, 0x0000000710200000, 0x0000000710400000|  0%| F|  |TAMS 0x0000000710200000, 0x0000000710200000| Untracked 
| 113|0x0000000710400000, 0x0000000710400000, 0x0000000710600000|  0%| F|  |TAMS 0x0000000710400000, 0x0000000710400000| Untracked 
| 114|0x0000000710600000, 0x0000000710600000, 0x0000000710800000|  0%| F|  |TAMS 0x0000000710600000, 0x0000000710600000| Untracked 
| 115|0x0000000710800000, 0x0000000710800000, 0x0000000710a00000|  0%| F|  |TAMS 0x0000000710800000, 0x0000000710800000| Untracked 
| 116|0x0000000710a00000, 0x0000000710a00000, 0x0000000710c00000|  0%| F|  |TAMS 0x0000000710a00000, 0x0000000710a00000| Untracked 
| 117|0x0000000710c00000, 0x0000000710c00000, 0x0000000710e00000|  0%| F|  |TAMS 0x0000000710c00000, 0x0000000710c00000| Untracked 
| 118|0x0000000710e00000, 0x0000000710e00000, 0x0000000711000000|  0%| F|  |TAMS 0x0000000710e00000, 0x0000000710e00000| Untracked 
| 119|0x0000000711000000, 0x0000000711000000, 0x0000000711200000|  0%| F|  |TAMS 0x0000000711000000, 0x0000000711000000| Untracked 
| 120|0x0000000711200000, 0x0000000711200000, 0x0000000711400000|  0%| F|  |TAMS 0x0000000711200000, 0x0000000711200000| Untracked 
| 121|0x0000000711400000, 0x0000000711400000, 0x0000000711600000|  0%| F|  |TAMS 0x0000000711400000, 0x0000000711400000| Untracked 
| 122|0x0000000711600000, 0x0000000711600000, 0x0000000711800000|  0%| F|  |TAMS 0x0000000711600000, 0x0000000711600000| Untracked 
| 123|0x0000000711800000, 0x0000000711800000, 0x0000000711a00000|  0%| F|  |TAMS 0x0000000711800000, 0x0000000711800000| Untracked 
| 124|0x0000000711a00000, 0x0000000711a00000, 0x0000000711c00000|  0%| F|  |TAMS 0x0000000711a00000, 0x0000000711a00000| Untracked 
| 125|0x0000000711c00000, 0x0000000711c00000, 0x0000000711e00000|  0%| F|  |TAMS 0x0000000711c00000, 0x0000000711c00000| Untracked 
| 126|0x0000000711e00000, 0x0000000711eccdf8, 0x0000000712000000| 40%| E|  |TAMS 0x0000000711e00000, 0x0000000711e00000| Complete 

Card table byte_map: [0x000001b66e2b0000,0x000001b66eaa0000] _byte_map_base: 0x000001b66aa9f000

Marking Bits (Prev, Next): (CMBitMap*) 0x000001b65b33d970, (CMBitMap*) 0x000001b65b33d9b0
 Prev Bits: [0x000001b66f290000, 0x000001b673208000)
 Next Bits: [0x000001b673210000, 0x000001b677188000)

Polling page: 0x000001b6592f0000

Metaspace:

Usage:
  Non-class:      2.41 MB used.
      Class:    203.80 KB used.
       Both:      2.61 MB used.

Virtual space:
  Non-class space:        8.00 MB reserved,       2.44 MB ( 30%) committed,  1 nodes.
      Class space:        1.00 GB reserved,     256.00 KB ( <1%) committed,  1 nodes.
             Both:        1.01 GB reserved,       2.69 MB ( <1%) committed. 

Chunk freelists:
   Non-Class:  0 bytes
       Class:  3.75 MB
        Both:  3.75 MB

MaxMetaspaceSize: unlimited
CompressedClassSpaceSize: 1.00 GB
Initial GC threshold: 21.00 MB
Current GC threshold: 21.00 MB
CDS: off
MetaspaceReclaimPolicy: balanced
 - commit_granule_bytes: 65536.
 - commit_granule_words: 8192.
 - virtual_space_node_default_size: 1048576.
 - enlarge_chunks_in_place: 1.
 - new_chunks_are_fully_committed: 0.
 - uncommit_free_chunks: 1.
 - use_allocation_guard: 0.
 - handle_deallocations: 1.


Internal statistics:

num_allocs_failed_limit: 0.
num_arena_births: 2.
num_arena_deaths: 0.
num_vsnodes_births: 2.
num_vsnodes_deaths: 0.
num_space_committed: 43.
num_space_uncommitted: 0.
num_chunks_returned_to_freelist: 0.
num_chunks_taken_from_freelist: 3.
num_chunk_merges: 0.
num_chunk_splits: 1.
num_chunks_enlarged: 0.
num_purges: 0.
num_inconsistent_stats: 0.

CodeHeap 'non-profiled nmethods': size=120000Kb used=0Kb max_used=0Kb free=120000Kb
 bounds [0x000001b666480000, 0x000001b6666f0000, 0x000001b66d9b0000]
CodeHeap 'profiled nmethods': size=120000Kb used=0Kb max_used=0Kb free=120000Kb
 bounds [0x000001b65ef50000, 0x000001b65f1c0000, 0x000001b666480000]
CodeHeap 'non-nmethods': size=5760Kb used=413Kb max_used=413Kb free=5347Kb
 bounds [0x000001b65e9b0000, 0x000001b65ec20000, 0x000001b65ef50000]
 total_blobs=216 nmethods=0 adapters=181
 compilation: enabled
              stopped_count=0, restarted_count=0
 full_count=0

Compilation events (0 events):
No events

GC Heap History (0 events):
No events

Deoptimization events (0 events):
No events

Classes unloaded (0 events):
No events

Classes redefined (0 events):
No events

Internal exceptions (0 events):
No events

VM Operations (0 events):
No events

Events (20 events):
Event: 0.045 loading class sun/io/Win32ErrorMode
Event: 0.045 loading class sun/io/Win32ErrorMode done
Event: 0.045 loading class java/util/Collections
Event: 0.045 loading class java/util/Collections done
Event: 0.045 loading class java/util/Collections$EmptySet
Event: 0.045 loading class java/util/Collections$EmptySet done
Event: 0.045 loading class java/util/Collections$EmptyList
Event: 0.046 loading class java/util/Collections$EmptyList done
Event: 0.046 loading class java/util/Collections$EmptyMap
Event: 0.046 loading class java/util/Collections$EmptyMap done
Event: 0.046 loading class java/lang/IllegalArgumentException
Event: 0.046 loading class java/lang/IllegalArgumentException done
Event: 0.046 Thread 0x000001b67a45d010 Thread added: 0x000001b67a45d010
Event: 0.046 Thread 0x000001b67a45e8e0 Thread added: 0x000001b67a45e8e0
Event: 0.046 Thread 0x000001b67a460d60 Thread added: 0x000001b67a460d60
Event: 0.046 Thread 0x000001b67a4639e0 Thread added: 0x000001b67a4639e0
Event: 0.046 Thread 0x000001b67a467e80 Thread added: 0x000001b67a467e80
Event: 0.046 Thread 0x000001b67a4713a0 Thread added: 0x000001b67a4713a0
Event: 0.046 Thread 0x000001b67a4738c0 Thread added: 0x000001b67a4738c0
Event: 0.046 loading class java/lang/invoke/MethodHandleStatics


Dynamic libraries:
0x00007ff704040000 - 0x00007ff70404e000 	C:\Users\Lewis\.p2\pool\plugins\org.eclipse.justj.openjdk.hotspot.jre.full.win32.x86_64_17.0.2.v20220201-1208\jre\bin\javaw.exe
0x00007fff28b90000 - 0x00007fff28d85000 	C:\Windows\SYSTEM32\ntdll.dll
0x00007fff28540000 - 0x00007fff285fd000 	C:\Windows\System32\KERNEL32.DLL
0x00007fff26580000 - 0x00007fff2684d000 	C:\Windows\System32\KERNELBASE.dll
0x00007fff262a0000 - 0x00007fff263a0000 	C:\Windows\System32\ucrtbase.dll
0x00007fff1b9b0000 - 0x00007fff1b9c8000 	C:\Users\Lewis\.p2\pool\plugins\org.eclipse.justj.openjdk.hotspot.jre.full.win32.x86_64_17.0.2.v20220201-1208\jre\bin\jli.dll
0x00007fff28770000 - 0x00007fff28910000 	C:\Windows\System32\USER32.dll
0x00007fff26850000 - 0x00007fff26872000 	C:\Windows\System32\win32u.dll
0x00007fff28510000 - 0x00007fff2853a000 	C:\Windows\System32\GDI32.dll
0x00007fff268b0000 - 0x00007fff269bb000 	C:\Windows\System32\gdi32full.dll
0x00007fff264e0000 - 0x00007fff2657d000 	C:\Windows\System32\msvcp_win.dll
0x00007fff14860000 - 0x00007fff14afa000 	C:\Windows\WinSxS\amd64_microsoft.windows.common-controls_6595b64144ccf1df_6.0.19041.1110_none_60b5254171f9507e\COMCTL32.dll
0x00007fff1b990000 - 0x00007fff1b9a9000 	C:\Users\Lewis\.p2\pool\plugins\org.eclipse.justj.openjdk.hotspot.jre.full.win32.x86_64_17.0.2.v20220201-1208\jre\bin\VCRUNTIME140.dll
0x00007fff28600000 - 0x00007fff2869e000 	C:\Windows\System32\msvcrt.dll
0x00007fff28910000 - 0x00007fff28940000 	C:\Windows\System32\IMM32.DLL
0x00007fff21fc0000 - 0x00007fff21fcc000 	C:\Users\Lewis\.p2\pool\plugins\org.eclipse.justj.openjdk.hotspot.jre.full.win32.x86_64_17.0.2.v20220201-1208\jre\bin\vcruntime140_1.dll
0x00007ffefc0c0000 - 0x00007ffefc151000 	C:\Users\Lewis\.p2\pool\plugins\org.eclipse.justj.openjdk.hotspot.jre.full.win32.x86_64_17.0.2.v20220201-1208\jre\bin\msvcp140.dll
0x00007ffeba1f0000 - 0x00007ffebae37000 	C:\Users\Lewis\.p2\pool\plugins\org.eclipse.justj.openjdk.hotspot.jre.full.win32.x86_64_17.0.2.v20220201-1208\jre\bin\server\jvm.dll
0x00007fff27bb0000 - 0x00007fff27c5e000 	C:\Windows\System32\ADVAPI32.dll
0x00007fff27870000 - 0x00007fff2790c000 	C:\Windows\System32\sechost.dll
0x00007fff275c0000 - 0x00007fff276e5000 	C:\Windows\System32\RPCRT4.dll
0x00007fff28a20000 - 0x00007fff28a28000 	C:\Windows\System32\PSAPI.DLL
0x00007fff21e70000 - 0x00007fff21e79000 	C:\Windows\SYSTEM32\WSOCK32.dll
0x00007fff28420000 - 0x00007fff2848b000 	C:\Windows\System32\WS2_32.dll
0x00007fff13d20000 - 0x00007fff13d47000 	C:\Windows\SYSTEM32\WINMM.dll
0x00007fff20930000 - 0x00007fff2093a000 	C:\Windows\SYSTEM32\VERSION.dll
0x00007fff241c0000 - 0x00007fff241d2000 	C:\Windows\SYSTEM32\kernel.appcore.dll
0x00007fff20ad0000 - 0x00007fff20ada000 	C:\Users\Lewis\.p2\pool\plugins\org.eclipse.justj.openjdk.hotspot.jre.full.win32.x86_64_17.0.2.v20220201-1208\jre\bin\jimage.dll
0x00007fff06410000 - 0x00007fff065f4000 	C:\Windows\SYSTEM32\DBGHELP.DLL
0x00007fff204d0000 - 0x00007fff204fc000 	C:\Windows\SYSTEM32\dbgcore.DLL
0x00007fff263a0000 - 0x00007fff26422000 	C:\Windows\System32\bcryptPrimitives.dll
0x00007fff20060000 - 0x00007fff20085000 	C:\Users\Lewis\.p2\pool\plugins\org.eclipse.justj.openjdk.hotspot.jre.full.win32.x86_64_17.0.2.v20220201-1208\jre\bin\java.dll
0x00007fff20ab0000 - 0x00007fff20ac8000 	C:\Users\Lewis\.p2\pool\plugins\org.eclipse.justj.openjdk.hotspot.jre.full.win32.x86_64_17.0.2.v20220201-1208\jre\bin\zip.dll
0x00007fff27cd0000 - 0x00007fff28414000 	C:\Windows\System32\SHELL32.dll
0x00007fff243c0000 - 0x00007fff24b54000 	C:\Windows\SYSTEM32\windows.storage.dll
0x00007fff27250000 - 0x00007fff275a4000 	C:\Windows\System32\combase.dll
0x00007fff25c30000 - 0x00007fff25c5c000 	C:\Windows\SYSTEM32\Wldp.dll
0x00007fff277c0000 - 0x00007fff2786d000 	C:\Windows\System32\SHCORE.dll
0x00007fff271f0000 - 0x00007fff27245000 	C:\Windows\System32\shlwapi.dll
0x00007fff261e0000 - 0x00007fff261ff000 	C:\Windows\SYSTEM32\profapi.dll

dbghelp: loaded successfully - version: 4.0.5 - missing functions: none
symbol engine: initialized successfully - sym options: 0x614 - pdb path: .;C:\Users\Lewis\.p2\pool\plugins\org.eclipse.justj.openjdk.hotspot.jre.full.win32.x86_64_17.0.2.v20220201-1208\jre\bin;C:\Windows\SYSTEM32;C:\Windows\WinSxS\amd64_microsoft.windows.common-controls_6595b64144ccf1df_6.0.19041.1110_none_60b5254171f9507e;C:\Users\Lewis\.p2\pool\plugins\org.eclipse.justj.openjdk.hotspot.jre.full.win32.x86_64_17.0.2.v20220201-1208\jre\bin\server

VM Arguments:
jvm_args: -Dfile.encoding=Cp1252 -XX:+ShowCodeDetailsInExceptionMessages 
java_command: entry
java_class_path (initial): D:\Application Important\University\Eclipse\artifacts\Edgar.newList\target\classes
Launcher Type: SUN_STANDARD

[Global flags]
     intx CICompilerCount                          = 3                                         {product} {ergonomic}
     uint ConcGCThreads                            = 2                                         {product} {ergonomic}
     uint G1ConcRefinementThreads                  = 6                                         {product} {ergonomic}
   size_t G1HeapRegionSize                         = 2097152                                   {product} {ergonomic}
    uintx GCDrainStackTargetSize                   = 64                                        {product} {ergonomic}
   size_t InitialHeapSize                          = 266338304                                 {product} {ergonomic}
   size_t MarkStackSize                            = 4194304                                   {product} {ergonomic}
   size_t MaxHeapSize                              = 4259315712                                {product} {ergonomic}
   size_t MaxNewSize                               = 2554331136                                {product} {ergonomic}
   size_t MinHeapDeltaBytes                        = 2097152                                   {product} {ergonomic}
   size_t MinHeapSize                              = 8388608                                   {product} {ergonomic}
    uintx NonNMethodCodeHeapSize                   = 5832780                                {pd product} {ergonomic}
    uintx NonProfiledCodeHeapSize                  = 122912730                              {pd product} {ergonomic}
    uintx ProfiledCodeHeapSize                     = 122912730                              {pd product} {ergonomic}
    uintx ReservedCodeCacheSize                    = 251658240                              {pd product} {ergonomic}
     bool SegmentedCodeCache                       = true                                      {product} {ergonomic}
     bool ShowCodeDetailsInExceptionMessages       = true                                   {manageable} {command line}
   size_t SoftMaxHeapSize                          = 4259315712                             {manageable} {ergonomic}
     bool UseCompressedClassPointers               = true                           {product lp64_product} {ergonomic}
     bool UseCompressedOops                        = true                           {product lp64_product} {ergonomic}
     bool UseG1GC                                  = true                                      {product} {ergonomic}
     bool UseLargePagesIndividualAllocation        = false                                  {pd product} {ergonomic}

Logging:
Log output configuration:
 #0: stdout all=warning uptime,level,tags
 #1: stderr all=off uptime,level,tags

Environment Variables:
PATH=C:/Users/Lewis/.p2/pool/plugins/org.eclipse.justj.openjdk.hotspot.jre.full.win32.x86_64_17.0.2.v20220201-1208/jre/bin/server;C:/Users/Lewis/.p2/pool/plugins/org.eclipse.justj.openjdk.hotspot.jre.full.win32.x86_64_17.0.2.v20220201-1208/jre/bin;C:\Program Files\Oculus\Support\oculus-runtime;C:\Program Files (x86)\Common Files\Oracle\Java\javapath;C:\Windows\system32;C:\Windows;C:\Windows\System32\Wbem;C:\Windows\System32\WindowsPowerShell\v1.0\;C:\Windows\System32\OpenSSH\;C:\Program Files (x86)\Brackets\command;C:\Program Files\dotnet\;C:\Program Files (x86)\NVIDIA Corporation\PhysX\Common;C:\Users\Lewis\AppData\Local\Programs\Python\Python310\Scripts\;C:\Users\Lewis\AppData\Local\Programs\Python\Python310\;C:\Users\Lewis\AppData\Local\Microsoft\WindowsApps;E:\Application Important\Programs\Microsoft VS Code\bin;C:\Program Files\mingw-w64\x86_64-8.1.0-posix-seh-rt_v6-rev0\mingw64\bin;C:\Users\Lewis\.dotnet\tools;C:\Windows\System32;
USERNAME=Lewis
OS=Windows_NT
PROCESSOR_IDENTIFIER=Intel64 Family 6 Model 158 Stepping 12, GenuineIntel



---------------  S Y S T E M  ---------------

OS:
 Windows 10 , 64 bit Build 19041 (10.0.19041.1706)
OS uptime: 1 days 7:51 hours

CPU: total 6 (initial active 6) (6 cores per cpu, 1 threads per core) family 6 model 158 stepping 12 microcode 0xae, cx8, cmov, fxsr, mmx, 3dnowpref, sse, sse2, sse3, ssse3, sse4.1, sse4.2, popcnt, lzcnt, tsc, tscinvbit, avx, avx2, aes, erms, clmul, bmi1, bmi2, rtm, adx, fma, vzeroupper, clflush, clflushopt

Memory: 4k page, system-wide physical 16246M (7197M free)
TotalPageFile size 32883M (AvailPageFile size 5M)
current process WorkingSet (physical memory assigned to process): 23M, peak: 23M
current process commit charge ("private bytes"): 326M, peak: 326M

vm_info: OpenJDK 64-Bit Server VM (17.0.2+8) for windows-amd64 JRE (17.0.2+8), built on Jan 20 2022 04:52:34 by "" with MS VC++ 16.7 (VS2019)

END.
