#
# There is insufficient memory for the Java Runtime Environment to continue.
# Native memory allocation (mmap) failed to map 65536 bytes for Failed to commit metaspace.
# Possible reasons:
#   The system is out of physical RAM or swap space
#   The process is running with CompressedOops enabled, and the Java Heap may be blocking the growth of the native heap
# Possible solutions:
#   Reduce memory load on the system
#   Increase physical memory or swap space
#   Check if swap backing store is full
#   Decrease Java heap size (-Xmx/-Xms)
#   Decrease number of Java threads
#   Decrease Java thread stack sizes (-Xss)
#   Set larger code cache with -XX:ReservedCodeCacheSize=
#   JVM is running with Zero Based Compressed Oops mode in which the Java heap is
#     placed in the first 32GB address space. The Java Heap base address is the
#     maximum limit for the native heap growth. Please use -XX:HeapBaseMinAddress
#     to set the Java Heap base and to place the Java Heap above 32GB virtual address.
# This output file may be truncated or incomplete.
#
#  Out of Memory Error (virtualSpaceNode.cpp:110), pid=23892, tid=26580
#
# JRE version: OpenJDK Runtime Environment Temurin-17.0.2+8 (17.0.2+8) (build 17.0.2+8)
# Java VM: OpenJDK 64-Bit Server VM Temurin-17.0.2+8 (17.0.2+8, mixed mode, tiered, compressed oops, compressed class ptrs, g1 gc, windows-amd64)
# No core dump will be written. Minidumps are not enabled by default on client versions of Windows
#

---------------  S U M M A R Y ------------

Command Line: -Dfile.encoding=Cp1252 -XX:+ShowCodeDetailsInExceptionMessages entry

Host: Intel(R) Core(TM) i5-9600K CPU @ 3.70GHz, 6 cores, 15G,  Windows 10 , 64 bit Build 19041 (10.0.19041.1706)
Time: Sun Jun 12 00:03:33 2022 GMT Daylight Time elapsed time: 0.154736 seconds (0d 0h 0m 0s)

---------------  T H R E A D  ---------------

Current thread (0x00000203b919da10):  JavaThread "main" [_thread_in_vm, id=26580, stack(0x000000a719f00000,0x000000a71a000000)]

Stack: [0x000000a719f00000,0x000000a71a000000]
Native frames: (J=compiled Java code, j=interpreted, Vv=VM code, C=native code)
V  [jvm.dll+0x67564a]
V  [jvm.dll+0x82fc04]
V  [jvm.dll+0x8313ae]
V  [jvm.dll+0x831a13]
V  [jvm.dll+0x245235]
V  [jvm.dll+0x82bbab]
V  [jvm.dll+0x61a336]
V  [jvm.dll+0x61a39a]
V  [jvm.dll+0x61cbba]
V  [jvm.dll+0x61acd6]
V  [jvm.dll+0x23979f]
V  [jvm.dll+0x6249f5]
V  [jvm.dll+0x1e9eab]
V  [jvm.dll+0x1ea3e5]
V  [jvm.dll+0x1eae1f]
V  [jvm.dll+0x1e02c1]
V  [jvm.dll+0x53b6e0]
V  [jvm.dll+0x1f0ab7]
V  [jvm.dll+0x7aa1bb]
V  [jvm.dll+0x7ab562]
V  [jvm.dll+0x7abcf9]
V  [jvm.dll+0x1eb0d4]
V  [jvm.dll+0x1e02da]
V  [jvm.dll+0x53b6e0]
V  [jvm.dll+0x1f0ab7]
V  [jvm.dll+0x7aa1bb]
V  [jvm.dll+0x7ab562]
V  [jvm.dll+0x7ab898]
V  [jvm.dll+0x23d51e]
V  [jvm.dll+0x23d76f]
V  [jvm.dll+0x558d38]
V  [jvm.dll+0x55bba0]
V  [jvm.dll+0x382937]
V  [jvm.dll+0x381f8f]
C  0x00000203bc87a622

Java frames: (J=compiled Java code, j=interpreted, Vv=VM code)
j  jdk.internal.logger.BootstrapLogger$RedirectedLoggers.apply(Ljdk/internal/logger/LazyLoggers$LazyLoggerAccessor;)Ljdk/internal/logger/SurrogateLogger;+21 java.base@17.0.2
j  jdk.internal.logger.BootstrapLogger$RedirectedLoggers.apply(Ljava/lang/Object;)Ljava/lang/Object;+5 java.base@17.0.2
j  java.util.HashMap.computeIfAbsent(Ljava/lang/Object;Ljava/util/function/Function;)Ljava/lang/Object;+202 java.base@17.0.2
j  jdk.internal.logger.BootstrapLogger$RedirectedLoggers.get(Ljdk/internal/logger/LazyLoggers$LazyLoggerAccessor;)Ljdk/internal/logger/SurrogateLogger;+23 java.base@17.0.2
j  jdk.internal.logger.BootstrapLogger.createSurrogateLogger(Ljdk/internal/logger/LazyLoggers$LazyLoggerAccessor;)Ljava/lang/System$Logger;+4 java.base@17.0.2
j  jdk.internal.logger.BootstrapLogger.getLogger(Ljdk/internal/logger/LazyLoggers$LazyLoggerAccessor;)Ljava/lang/System$Logger;+33 java.base@17.0.2
j  jdk.internal.logger.LazyLoggers$LazyLoggerAccessor.platform()Lsun/util/logging/PlatformLogger$Bridge;+58 java.base@17.0.2
j  jdk.internal.logger.LazyLoggers$LazyLoggerWrapper.platformProxy()Lsun/util/logging/PlatformLogger$Bridge;+4 java.base@17.0.2
j  jdk.internal.logger.AbstractLoggerWrapper.isLoggable(Lsun/util/logging/PlatformLogger$Level;)Z+1 java.base@17.0.2
j  sun.util.logging.PlatformLogger.isLoggable(Lsun/util/logging/PlatformLogger$Level;)Z+17 java.base@17.0.2
j  sun.awt.windows.WToolkit.<clinit>()V+29 java.desktop@17.0.2
v  ~StubRoutines::call_stub
j  sun.awt.Win32GraphicsEnvironment.<clinit>()V+16 java.desktop@17.0.2
v  ~StubRoutines::call_stub
j  sun.awt.PlatformGraphicsInfo.createGE()Ljava/awt/GraphicsEnvironment;+0 java.desktop@17.0.2
j  java.awt.GraphicsEnvironment$LocalGE.createGE()Ljava/awt/GraphicsEnvironment;+0 java.desktop@17.0.2
j  java.awt.GraphicsEnvironment$LocalGE.<clinit>()V+0 java.desktop@17.0.2
v  ~StubRoutines::call_stub
j  java.awt.GraphicsEnvironment.getLocalGraphicsEnvironment()Ljava/awt/GraphicsEnvironment;+0 java.desktop@17.0.2
j  java.awt.Window.initGC(Ljava/awt/GraphicsConfiguration;)Ljava/awt/GraphicsConfiguration;+7 java.desktop@17.0.2
j  java.awt.Window.init(Ljava/awt/GraphicsConfiguration;)V+45 java.desktop@17.0.2
j  java.awt.Window.<init>()V+124 java.desktop@17.0.2
j  java.awt.Frame.<init>(Ljava/lang/String;)V+1 java.desktop@17.0.2
j  java.awt.Frame.<init>()V+3 java.desktop@17.0.2
j  javax.swing.JFrame.<init>()V+1 java.desktop@17.0.2
j  entry.<init>()V+9
j  entry.main([Ljava/lang/String;)V+4
v  ~StubRoutines::call_stub

---------------  P R O C E S S  ---------------

Threads class SMR info:
_java_thread_list=0x00000203d85b5600, length=12, elements={
0x00000203b919da10, 0x00000203d78844d0, 0x00000203d7885340, 0x00000203d8456800,
0x00000203d84581c0, 0x00000203d8459310, 0x00000203d8460f00, 0x00000203d846b870,
0x00000203d846c260, 0x00000203d846f400, 0x00000203d85d1260, 0x00000203d85df760
}

Java Threads: ( => current thread )
=>0x00000203b919da10 JavaThread "main" [_thread_in_vm, id=26580, stack(0x000000a719f00000,0x000000a71a000000)]
  0x00000203d78844d0 JavaThread "Reference Handler" daemon [_thread_blocked, id=25440, stack(0x000000a71a600000,0x000000a71a700000)]
  0x00000203d7885340 JavaThread "Finalizer" daemon [_thread_blocked, id=26584, stack(0x000000a71a700000,0x000000a71a800000)]
  0x00000203d8456800 JavaThread "Signal Dispatcher" daemon [_thread_blocked, id=25012, stack(0x000000a71a800000,0x000000a71a900000)]
  0x00000203d84581c0 JavaThread "Attach Listener" daemon [_thread_blocked, id=16052, stack(0x000000a71a900000,0x000000a71aa00000)]
  0x00000203d8459310 JavaThread "Service Thread" daemon [_thread_blocked, id=9264, stack(0x000000a71aa00000,0x000000a71ab00000)]
  0x00000203d8460f00 JavaThread "Monitor Deflation Thread" daemon [_thread_blocked, id=20208, stack(0x000000a71ab00000,0x000000a71ac00000)]
  0x00000203d846b870 JavaThread "C2 CompilerThread0" daemon [_thread_blocked, id=8204, stack(0x000000a71ac00000,0x000000a71ad00000)]
  0x00000203d846c260 JavaThread "C1 CompilerThread0" daemon [_thread_blocked, id=25280, stack(0x000000a71ad00000,0x000000a71ae00000)]
  0x00000203d846f400 JavaThread "Sweeper thread" daemon [_thread_blocked, id=24476, stack(0x000000a71ae00000,0x000000a71af00000)]
  0x00000203d85d1260 JavaThread "Notification Thread" daemon [_thread_blocked, id=25780, stack(0x000000a71af00000,0x000000a71b000000)]
  0x00000203d85df760 JavaThread "Common-Cleaner" daemon [_thread_blocked, id=10348, stack(0x000000a71b100000,0x000000a71b200000)]

Other Threads:
  0x00000203d8404690 VMThread "VM Thread" [stack: 0x000000a71a500000,0x000000a71a600000] [id=26300]
  0x00000203d852e9d0 WatcherThread [stack: 0x000000a71b000000,0x000000a71b100000] [id=23192]
  0x00000203b91ec250 GCTaskThread "GC Thread#0" [stack: 0x000000a71a000000,0x000000a71a100000] [id=26240]
  0x00000203b91fd700 ConcurrentGCThread "G1 Main Marker" [stack: 0x000000a71a100000,0x000000a71a200000] [id=9912]
  0x00000203b91ff120 ConcurrentGCThread "G1 Conc#0" [stack: 0x000000a71a200000,0x000000a71a300000] [id=23948]
  0x00000203b926d330 ConcurrentGCThread "G1 Refine#0" [stack: 0x000000a71a300000,0x000000a71a400000] [id=24440]
  0x00000203b926dd50 ConcurrentGCThread "G1 Service" [stack: 0x000000a71a400000,0x000000a71a500000] [id=17188]

Threads with active compile tasks:

VM state: not at safepoint (normal execution)

VM Mutex/Monitor currently owned by a thread:  ([mutex/lock_event])
[0x00000203b9196140] Metaspace_lock - owner thread: 0x00000203b919da10

Heap address: 0x0000000702200000, size: 4062 MB, Compressed Oops mode: Zero based, Oop shift amount: 3

CDS archive(s) not mapped
Compressed class space mapped at: 0x0000000800000000-0x0000000840000000, reserved size: 1073741824
Narrow klass base: 0x0000000800000000, Narrow klass shift: 0, Narrow klass range: 0x40000000

GC Precious Log:
 CPUs: 6 total, 6 available
 Memory: 16246M
 Large Page Support: Disabled
 NUMA Support: Disabled
 Compressed Oops: Enabled (Zero based)
 Heap Region Size: 2M
 Heap Min Capacity: 8M
 Heap Initial Capacity: 254M
 Heap Max Capacity: 4062M
 Pre-touch: Disabled
 Parallel Workers: 6
 Concurrent Workers: 2
 Concurrent Refinement Workers: 6
 Periodic GC: Disabled

Heap:
 garbage-first heap   total 260096K, used 2048K [0x0000000702200000, 0x0000000800000000)
  region size 2048K, 2 young (4096K), 0 survivors (0K)
 Metaspace       used 8055K, committed 8192K, reserved 1056768K
  class space    used 706K, committed 768K, reserved 1048576K

Heap Regions: E=young(eden), S=young(survivor), O=old, HS=humongous(starts), HC=humongous(continues), CS=collection set, F=free, OA=open archive, CA=closed archive, TAMS=top-at-mark-start (previous, next)
|   0|0x0000000702200000, 0x0000000702200000, 0x0000000702400000|  0%| F|  |TAMS 0x0000000702200000, 0x0000000702200000| Untracked 
|   1|0x0000000702400000, 0x0000000702400000, 0x0000000702600000|  0%| F|  |TAMS 0x0000000702400000, 0x0000000702400000| Untracked 
|   2|0x0000000702600000, 0x0000000702600000, 0x0000000702800000|  0%| F|  |TAMS 0x0000000702600000, 0x0000000702600000| Untracked 
|   3|0x0000000702800000, 0x0000000702800000, 0x0000000702a00000|  0%| F|  |TAMS 0x0000000702800000, 0x0000000702800000| Untracked 
|   4|0x0000000702a00000, 0x0000000702a00000, 0x0000000702c00000|  0%| F|  |TAMS 0x0000000702a00000, 0x0000000702a00000| Untracked 
|   5|0x0000000702c00000, 0x0000000702c00000, 0x0000000702e00000|  0%| F|  |TAMS 0x0000000702c00000, 0x0000000702c00000| Untracked 
|   6|0x0000000702e00000, 0x0000000702e00000, 0x0000000703000000|  0%| F|  |TAMS 0x0000000702e00000, 0x0000000702e00000| Untracked 
|   7|0x0000000703000000, 0x0000000703000000, 0x0000000703200000|  0%| F|  |TAMS 0x0000000703000000, 0x0000000703000000| Untracked 
|   8|0x0000000703200000, 0x0000000703200000, 0x0000000703400000|  0%| F|  |TAMS 0x0000000703200000, 0x0000000703200000| Untracked 
|   9|0x0000000703400000, 0x0000000703400000, 0x0000000703600000|  0%| F|  |TAMS 0x0000000703400000, 0x0000000703400000| Untracked 
|  10|0x0000000703600000, 0x0000000703600000, 0x0000000703800000|  0%| F|  |TAMS 0x0000000703600000, 0x0000000703600000| Untracked 
|  11|0x0000000703800000, 0x0000000703800000, 0x0000000703a00000|  0%| F|  |TAMS 0x0000000703800000, 0x0000000703800000| Untracked 
|  12|0x0000000703a00000, 0x0000000703a00000, 0x0000000703c00000|  0%| F|  |TAMS 0x0000000703a00000, 0x0000000703a00000| Untracked 
|  13|0x0000000703c00000, 0x0000000703c00000, 0x0000000703e00000|  0%| F|  |TAMS 0x0000000703c00000, 0x0000000703c00000| Untracked 
|  14|0x0000000703e00000, 0x0000000703e00000, 0x0000000704000000|  0%| F|  |TAMS 0x0000000703e00000, 0x0000000703e00000| Untracked 
|  15|0x0000000704000000, 0x0000000704000000, 0x0000000704200000|  0%| F|  |TAMS 0x0000000704000000, 0x0000000704000000| Untracked 
|  16|0x0000000704200000, 0x0000000704200000, 0x0000000704400000|  0%| F|  |TAMS 0x0000000704200000, 0x0000000704200000| Untracked 
|  17|0x0000000704400000, 0x0000000704400000, 0x0000000704600000|  0%| F|  |TAMS 0x0000000704400000, 0x0000000704400000| Untracked 
|  18|0x0000000704600000, 0x0000000704600000, 0x0000000704800000|  0%| F|  |TAMS 0x0000000704600000, 0x0000000704600000| Untracked 
|  19|0x0000000704800000, 0x0000000704800000, 0x0000000704a00000|  0%| F|  |TAMS 0x0000000704800000, 0x0000000704800000| Untracked 
|  20|0x0000000704a00000, 0x0000000704a00000, 0x0000000704c00000|  0%| F|  |TAMS 0x0000000704a00000, 0x0000000704a00000| Untracked 
|  21|0x0000000704c00000, 0x0000000704c00000, 0x0000000704e00000|  0%| F|  |TAMS 0x0000000704c00000, 0x0000000704c00000| Untracked 
|  22|0x0000000704e00000, 0x0000000704e00000, 0x0000000705000000|  0%| F|  |TAMS 0x0000000704e00000, 0x0000000704e00000| Untracked 
|  23|0x0000000705000000, 0x0000000705000000, 0x0000000705200000|  0%| F|  |TAMS 0x0000000705000000, 0x0000000705000000| Untracked 
|  24|0x0000000705200000, 0x0000000705200000, 0x0000000705400000|  0%| F|  |TAMS 0x0000000705200000, 0x0000000705200000| Untracked 
|  25|0x0000000705400000, 0x0000000705400000, 0x0000000705600000|  0%| F|  |TAMS 0x0000000705400000, 0x0000000705400000| Untracked 
|  26|0x0000000705600000, 0x0000000705600000, 0x0000000705800000|  0%| F|  |TAMS 0x0000000705600000, 0x0000000705600000| Untracked 
|  27|0x0000000705800000, 0x0000000705800000, 0x0000000705a00000|  0%| F|  |TAMS 0x0000000705800000, 0x0000000705800000| Untracked 
|  28|0x0000000705a00000, 0x0000000705a00000, 0x0000000705c00000|  0%| F|  |TAMS 0x0000000705a00000, 0x0000000705a00000| Untracked 
|  29|0x0000000705c00000, 0x0000000705c00000, 0x0000000705e00000|  0%| F|  |TAMS 0x0000000705c00000, 0x0000000705c00000| Untracked 
|  30|0x0000000705e00000, 0x0000000705e00000, 0x0000000706000000|  0%| F|  |TAMS 0x0000000705e00000, 0x0000000705e00000| Untracked 
|  31|0x0000000706000000, 0x0000000706000000, 0x0000000706200000|  0%| F|  |TAMS 0x0000000706000000, 0x0000000706000000| Untracked 
|  32|0x0000000706200000, 0x0000000706200000, 0x0000000706400000|  0%| F|  |TAMS 0x0000000706200000, 0x0000000706200000| Untracked 
|  33|0x0000000706400000, 0x0000000706400000, 0x0000000706600000|  0%| F|  |TAMS 0x0000000706400000, 0x0000000706400000| Untracked 
|  34|0x0000000706600000, 0x0000000706600000, 0x0000000706800000|  0%| F|  |TAMS 0x0000000706600000, 0x0000000706600000| Untracked 
|  35|0x0000000706800000, 0x0000000706800000, 0x0000000706a00000|  0%| F|  |TAMS 0x0000000706800000, 0x0000000706800000| Untracked 
|  36|0x0000000706a00000, 0x0000000706a00000, 0x0000000706c00000|  0%| F|  |TAMS 0x0000000706a00000, 0x0000000706a00000| Untracked 
|  37|0x0000000706c00000, 0x0000000706c00000, 0x0000000706e00000|  0%| F|  |TAMS 0x0000000706c00000, 0x0000000706c00000| Untracked 
|  38|0x0000000706e00000, 0x0000000706e00000, 0x0000000707000000|  0%| F|  |TAMS 0x0000000706e00000, 0x0000000706e00000| Untracked 
|  39|0x0000000707000000, 0x0000000707000000, 0x0000000707200000|  0%| F|  |TAMS 0x0000000707000000, 0x0000000707000000| Untracked 
|  40|0x0000000707200000, 0x0000000707200000, 0x0000000707400000|  0%| F|  |TAMS 0x0000000707200000, 0x0000000707200000| Untracked 
|  41|0x0000000707400000, 0x0000000707400000, 0x0000000707600000|  0%| F|  |TAMS 0x0000000707400000, 0x0000000707400000| Untracked 
|  42|0x0000000707600000, 0x0000000707600000, 0x0000000707800000|  0%| F|  |TAMS 0x0000000707600000, 0x0000000707600000| Untracked 
|  43|0x0000000707800000, 0x0000000707800000, 0x0000000707a00000|  0%| F|  |TAMS 0x0000000707800000, 0x0000000707800000| Untracked 
|  44|0x0000000707a00000, 0x0000000707a00000, 0x0000000707c00000|  0%| F|  |TAMS 0x0000000707a00000, 0x0000000707a00000| Untracked 
|  45|0x0000000707c00000, 0x0000000707c00000, 0x0000000707e00000|  0%| F|  |TAMS 0x0000000707c00000, 0x0000000707c00000| Untracked 
|  46|0x0000000707e00000, 0x0000000707e00000, 0x0000000708000000|  0%| F|  |TAMS 0x0000000707e00000, 0x0000000707e00000| Untracked 
|  47|0x0000000708000000, 0x0000000708000000, 0x0000000708200000|  0%| F|  |TAMS 0x0000000708000000, 0x0000000708000000| Untracked 
|  48|0x0000000708200000, 0x0000000708200000, 0x0000000708400000|  0%| F|  |TAMS 0x0000000708200000, 0x0000000708200000| Untracked 
|  49|0x0000000708400000, 0x0000000708400000, 0x0000000708600000|  0%| F|  |TAMS 0x0000000708400000, 0x0000000708400000| Untracked 
|  50|0x0000000708600000, 0x0000000708600000, 0x0000000708800000|  0%| F|  |TAMS 0x0000000708600000, 0x0000000708600000| Untracked 
|  51|0x0000000708800000, 0x0000000708800000, 0x0000000708a00000|  0%| F|  |TAMS 0x0000000708800000, 0x0000000708800000| Untracked 
|  52|0x0000000708a00000, 0x0000000708a00000, 0x0000000708c00000|  0%| F|  |TAMS 0x0000000708a00000, 0x0000000708a00000| Untracked 
|  53|0x0000000708c00000, 0x0000000708c00000, 0x0000000708e00000|  0%| F|  |TAMS 0x0000000708c00000, 0x0000000708c00000| Untracked 
|  54|0x0000000708e00000, 0x0000000708e00000, 0x0000000709000000|  0%| F|  |TAMS 0x0000000708e00000, 0x0000000708e00000| Untracked 
|  55|0x0000000709000000, 0x0000000709000000, 0x0000000709200000|  0%| F|  |TAMS 0x0000000709000000, 0x0000000709000000| Untracked 
|  56|0x0000000709200000, 0x0000000709200000, 0x0000000709400000|  0%| F|  |TAMS 0x0000000709200000, 0x0000000709200000| Untracked 
|  57|0x0000000709400000, 0x0000000709400000, 0x0000000709600000|  0%| F|  |TAMS 0x0000000709400000, 0x0000000709400000| Untracked 
|  58|0x0000000709600000, 0x0000000709600000, 0x0000000709800000|  0%| F|  |TAMS 0x0000000709600000, 0x0000000709600000| Untracked 
|  59|0x0000000709800000, 0x0000000709800000, 0x0000000709a00000|  0%| F|  |TAMS 0x0000000709800000, 0x0000000709800000| Untracked 
|  60|0x0000000709a00000, 0x0000000709a00000, 0x0000000709c00000|  0%| F|  |TAMS 0x0000000709a00000, 0x0000000709a00000| Untracked 
|  61|0x0000000709c00000, 0x0000000709c00000, 0x0000000709e00000|  0%| F|  |TAMS 0x0000000709c00000, 0x0000000709c00000| Untracked 
|  62|0x0000000709e00000, 0x0000000709e00000, 0x000000070a000000|  0%| F|  |TAMS 0x0000000709e00000, 0x0000000709e00000| Untracked 
|  63|0x000000070a000000, 0x000000070a000000, 0x000000070a200000|  0%| F|  |TAMS 0x000000070a000000, 0x000000070a000000| Untracked 
|  64|0x000000070a200000, 0x000000070a200000, 0x000000070a400000|  0%| F|  |TAMS 0x000000070a200000, 0x000000070a200000| Untracked 
|  65|0x000000070a400000, 0x000000070a400000, 0x000000070a600000|  0%| F|  |TAMS 0x000000070a400000, 0x000000070a400000| Untracked 
|  66|0x000000070a600000, 0x000000070a600000, 0x000000070a800000|  0%| F|  |TAMS 0x000000070a600000, 0x000000070a600000| Untracked 
|  67|0x000000070a800000, 0x000000070a800000, 0x000000070aa00000|  0%| F|  |TAMS 0x000000070a800000, 0x000000070a800000| Untracked 
|  68|0x000000070aa00000, 0x000000070aa00000, 0x000000070ac00000|  0%| F|  |TAMS 0x000000070aa00000, 0x000000070aa00000| Untracked 
|  69|0x000000070ac00000, 0x000000070ac00000, 0x000000070ae00000|  0%| F|  |TAMS 0x000000070ac00000, 0x000000070ac00000| Untracked 
|  70|0x000000070ae00000, 0x000000070ae00000, 0x000000070b000000|  0%| F|  |TAMS 0x000000070ae00000, 0x000000070ae00000| Untracked 
|  71|0x000000070b000000, 0x000000070b000000, 0x000000070b200000|  0%| F|  |TAMS 0x000000070b000000, 0x000000070b000000| Untracked 
|  72|0x000000070b200000, 0x000000070b200000, 0x000000070b400000|  0%| F|  |TAMS 0x000000070b200000, 0x000000070b200000| Untracked 
|  73|0x000000070b400000, 0x000000070b400000, 0x000000070b600000|  0%| F|  |TAMS 0x000000070b400000, 0x000000070b400000| Untracked 
|  74|0x000000070b600000, 0x000000070b600000, 0x000000070b800000|  0%| F|  |TAMS 0x000000070b600000, 0x000000070b600000| Untracked 
|  75|0x000000070b800000, 0x000000070b800000, 0x000000070ba00000|  0%| F|  |TAMS 0x000000070b800000, 0x000000070b800000| Untracked 
|  76|0x000000070ba00000, 0x000000070ba00000, 0x000000070bc00000|  0%| F|  |TAMS 0x000000070ba00000, 0x000000070ba00000| Untracked 
|  77|0x000000070bc00000, 0x000000070bc00000, 0x000000070be00000|  0%| F|  |TAMS 0x000000070bc00000, 0x000000070bc00000| Untracked 
|  78|0x000000070be00000, 0x000000070be00000, 0x000000070c000000|  0%| F|  |TAMS 0x000000070be00000, 0x000000070be00000| Untracked 
|  79|0x000000070c000000, 0x000000070c000000, 0x000000070c200000|  0%| F|  |TAMS 0x000000070c000000, 0x000000070c000000| Untracked 
|  80|0x000000070c200000, 0x000000070c200000, 0x000000070c400000|  0%| F|  |TAMS 0x000000070c200000, 0x000000070c200000| Untracked 
|  81|0x000000070c400000, 0x000000070c400000, 0x000000070c600000|  0%| F|  |TAMS 0x000000070c400000, 0x000000070c400000| Untracked 
|  82|0x000000070c600000, 0x000000070c600000, 0x000000070c800000|  0%| F|  |TAMS 0x000000070c600000, 0x000000070c600000| Untracked 
|  83|0x000000070c800000, 0x000000070c800000, 0x000000070ca00000|  0%| F|  |TAMS 0x000000070c800000, 0x000000070c800000| Untracked 
|  84|0x000000070ca00000, 0x000000070ca00000, 0x000000070cc00000|  0%| F|  |TAMS 0x000000070ca00000, 0x000000070ca00000| Untracked 
|  85|0x000000070cc00000, 0x000000070cc00000, 0x000000070ce00000|  0%| F|  |TAMS 0x000000070cc00000, 0x000000070cc00000| Untracked 
|  86|0x000000070ce00000, 0x000000070ce00000, 0x000000070d000000|  0%| F|  |TAMS 0x000000070ce00000, 0x000000070ce00000| Untracked 
|  87|0x000000070d000000, 0x000000070d000000, 0x000000070d200000|  0%| F|  |TAMS 0x000000070d000000, 0x000000070d000000| Untracked 
|  88|0x000000070d200000, 0x000000070d200000, 0x000000070d400000|  0%| F|  |TAMS 0x000000070d200000, 0x000000070d200000| Untracked 
|  89|0x000000070d400000, 0x000000070d400000, 0x000000070d600000|  0%| F|  |TAMS 0x000000070d400000, 0x000000070d400000| Untracked 
|  90|0x000000070d600000, 0x000000070d600000, 0x000000070d800000|  0%| F|  |TAMS 0x000000070d600000, 0x000000070d600000| Untracked 
|  91|0x000000070d800000, 0x000000070d800000, 0x000000070da00000|  0%| F|  |TAMS 0x000000070d800000, 0x000000070d800000| Untracked 
|  92|0x000000070da00000, 0x000000070da00000, 0x000000070dc00000|  0%| F|  |TAMS 0x000000070da00000, 0x000000070da00000| Untracked 
|  93|0x000000070dc00000, 0x000000070dc00000, 0x000000070de00000|  0%| F|  |TAMS 0x000000070dc00000, 0x000000070dc00000| Untracked 
|  94|0x000000070de00000, 0x000000070de00000, 0x000000070e000000|  0%| F|  |TAMS 0x000000070de00000, 0x000000070de00000| Untracked 
|  95|0x000000070e000000, 0x000000070e000000, 0x000000070e200000|  0%| F|  |TAMS 0x000000070e000000, 0x000000070e000000| Untracked 
|  96|0x000000070e200000, 0x000000070e200000, 0x000000070e400000|  0%| F|  |TAMS 0x000000070e200000, 0x000000070e200000| Untracked 
|  97|0x000000070e400000, 0x000000070e400000, 0x000000070e600000|  0%| F|  |TAMS 0x000000070e400000, 0x000000070e400000| Untracked 
|  98|0x000000070e600000, 0x000000070e600000, 0x000000070e800000|  0%| F|  |TAMS 0x000000070e600000, 0x000000070e600000| Untracked 
|  99|0x000000070e800000, 0x000000070e800000, 0x000000070ea00000|  0%| F|  |TAMS 0x000000070e800000, 0x000000070e800000| Untracked 
| 100|0x000000070ea00000, 0x000000070ea00000, 0x000000070ec00000|  0%| F|  |TAMS 0x000000070ea00000, 0x000000070ea00000| Untracked 
| 101|0x000000070ec00000, 0x000000070ec00000, 0x000000070ee00000|  0%| F|  |TAMS 0x000000070ec00000, 0x000000070ec00000| Untracked 
| 102|0x000000070ee00000, 0x000000070ee00000, 0x000000070f000000|  0%| F|  |TAMS 0x000000070ee00000, 0x000000070ee00000| Untracked 
| 103|0x000000070f000000, 0x000000070f000000, 0x000000070f200000|  0%| F|  |TAMS 0x000000070f000000, 0x000000070f000000| Untracked 
| 104|0x000000070f200000, 0x000000070f200000, 0x000000070f400000|  0%| F|  |TAMS 0x000000070f200000, 0x000000070f200000| Untracked 
| 105|0x000000070f400000, 0x000000070f400000, 0x000000070f600000|  0%| F|  |TAMS 0x000000070f400000, 0x000000070f400000| Untracked 
| 106|0x000000070f600000, 0x000000070f600000, 0x000000070f800000|  0%| F|  |TAMS 0x000000070f600000, 0x000000070f600000| Untracked 
| 107|0x000000070f800000, 0x000000070f800000, 0x000000070fa00000|  0%| F|  |TAMS 0x000000070f800000, 0x000000070f800000| Untracked 
| 108|0x000000070fa00000, 0x000000070fa00000, 0x000000070fc00000|  0%| F|  |TAMS 0x000000070fa00000, 0x000000070fa00000| Untracked 
| 109|0x000000070fc00000, 0x000000070fc00000, 0x000000070fe00000|  0%| F|  |TAMS 0x000000070fc00000, 0x000000070fc00000| Untracked 
| 110|0x000000070fe00000, 0x000000070fe00000, 0x0000000710000000|  0%| F|  |TAMS 0x000000070fe00000, 0x000000070fe00000| Untracked 
| 111|0x0000000710000000, 0x0000000710000000, 0x0000000710200000|  0%| F|  |TAMS 0x0000000710000000, 0x0000000710000000| Untracked 
| 112|0x0000000710200000, 0x0000000710200000, 0x0000000710400000|  0%| F|  |TAMS 0x0000000710200000, 0x0000000710200000| Untracked 
| 113|0x0000000710400000, 0x0000000710400000, 0x0000000710600000|  0%| F|  |TAMS 0x0000000710400000, 0x0000000710400000| Untracked 
| 114|0x0000000710600000, 0x0000000710600000, 0x0000000710800000|  0%| F|  |TAMS 0x0000000710600000, 0x0000000710600000| Untracked 
| 115|0x0000000710800000, 0x0000000710800000, 0x0000000710a00000|  0%| F|  |TAMS 0x0000000710800000, 0x0000000710800000| Untracked 
| 116|0x0000000710a00000, 0x0000000710a00000, 0x0000000710c00000|  0%| F|  |TAMS 0x0000000710a00000, 0x0000000710a00000| Untracked 
| 117|0x0000000710c00000, 0x0000000710c00000, 0x0000000710e00000|  0%| F|  |TAMS 0x0000000710c00000, 0x0000000710c00000| Untracked 
| 118|0x0000000710e00000, 0x0000000710e00000, 0x0000000711000000|  0%| F|  |TAMS 0x0000000710e00000, 0x0000000710e00000| Untracked 
| 119|0x0000000711000000, 0x0000000711000000, 0x0000000711200000|  0%| F|  |TAMS 0x0000000711000000, 0x0000000711000000| Untracked 
| 120|0x0000000711200000, 0x0000000711200000, 0x0000000711400000|  0%| F|  |TAMS 0x0000000711200000, 0x0000000711200000| Untracked 
| 121|0x0000000711400000, 0x0000000711400000, 0x0000000711600000|  0%| F|  |TAMS 0x0000000711400000, 0x0000000711400000| Untracked 
| 122|0x0000000711600000, 0x0000000711600000, 0x0000000711800000|  0%| F|  |TAMS 0x0000000711600000, 0x0000000711600000| Untracked 
| 123|0x0000000711800000, 0x0000000711800000, 0x0000000711a00000|  0%| F|  |TAMS 0x0000000711800000, 0x0000000711800000| Untracked 
| 124|0x0000000711a00000, 0x0000000711a00000, 0x0000000711c00000|  0%| F|  |TAMS 0x0000000711a00000, 0x0000000711a00000| Untracked 
| 125|0x0000000711c00000, 0x0000000711c66e80, 0x0000000711e00000| 20%| E|  |TAMS 0x0000000711c00000, 0x0000000711c00000| Complete 
| 126|0x0000000711e00000, 0x0000000712000000, 0x0000000712000000|100%| E|CS|TAMS 0x0000000711e00000, 0x0000000711e00000| Complete 

Card table byte_map: [0x00000203cc160000,0x00000203cc950000] _byte_map_base: 0x00000203c894f000

Marking Bits (Prev, Next): (CMBitMap*) 0x00000203b91ec860, (CMBitMap*) 0x00000203b91ec8a0
 Prev Bits: [0x00000203cd140000, 0x00000203d10b8000)
 Next Bits: [0x00000203d10c0000, 0x00000203d5038000)

Polling page: 0x00000203b7110000

Metaspace:

Usage:
  Non-class:      7.18 MB used.
      Class:    706.84 KB used.
       Both:      7.87 MB used.

Virtual space:
  Non-class space:        8.00 MB reserved,       7.25 MB ( 91%) committed,  1 nodes.
      Class space:        1.00 GB reserved,     768.00 KB ( <1%) committed,  1 nodes.
             Both:        1.01 GB reserved,       8.00 MB ( <1%) committed. 

Chunk freelists:
   Non-Class:  507.00 KB
       Class:  3.23 MB
        Both:  3.72 MB

MaxMetaspaceSize: unlimited
CompressedClassSpaceSize: 1.00 GB
Initial GC threshold: 21.00 MB
Current GC threshold: 21.00 MB
CDS: off
MetaspaceReclaimPolicy: balanced
 - commit_granule_bytes: 65536.
 - commit_granule_words: 8192.
 - virtual_space_node_default_size: 1048576.
 - enlarge_chunks_in_place: 1.
 - new_chunks_are_fully_committed: 0.
 - uncommit_free_chunks: 1.
 - use_allocation_guard: 0.
 - handle_deallocations: 1.


Internal statistics:

num_allocs_failed_limit: 0.
num_arena_births: 56.
num_arena_deaths: 0.
num_vsnodes_births: 2.
num_vsnodes_deaths: 0.
num_space_committed: 128.
num_space_uncommitted: 0.
num_chunks_returned_to_freelist: 0.
num_chunks_taken_from_freelist: 80.
num_chunk_merges: 0.
num_chunk_splits: 44.
num_chunks_enlarged: 20.
num_purges: 0.
num_inconsistent_stats: 0.

CodeHeap 'non-profiled nmethods': size=120000Kb used=87Kb max_used=87Kb free=119912Kb
 bounds [0x00000203c4330000, 0x00000203c45a0000, 0x00000203cb860000]
CodeHeap 'profiled nmethods': size=120000Kb used=327Kb max_used=327Kb free=119672Kb
 bounds [0x00000203bce00000, 0x00000203bd070000, 0x00000203c4330000]
CodeHeap 'non-nmethods': size=5760Kb used=1146Kb max_used=1146Kb free=4613Kb
 bounds [0x00000203bc860000, 0x00000203bcad0000, 0x00000203bce00000]
 total_blobs=695 nmethods=260 adapters=348
 compilation: enabled
              stopped_count=0, restarted_count=0
 full_count=0

Compilation events (20 events):
Event: 0.142 Thread 0x00000203d846c260  241       3       java.lang.StringBuilder::toString (35 bytes)
Event: 0.142 Thread 0x00000203d846b870  254       4       jdk.internal.org.objectweb.asm.ByteVector::putUTF8 (144 bytes)
Event: 0.142 Thread 0x00000203d846c260 nmethod 241 0x00000203bce4db10 code [0x00000203bce4dce0, 0x00000203bce4dfb8]
Event: 0.142 Thread 0x00000203d846c260  248       3       java.lang.invoke.LambdaForm::parameter (38 bytes)
Event: 0.142 Thread 0x00000203d846c260 nmethod 248 0x00000203bce4e090 code [0x00000203bce4e220, 0x00000203bce4e378]
Event: 0.142 Thread 0x00000203d846c260  252       3       java.lang.invoke.LambdaForm$Name::<init> (44 bytes)
Event: 0.142 Thread 0x00000203d846c260 nmethod 252 0x00000203bce4e490 code [0x00000203bce4e6a0, 0x00000203bce4ec88]
Event: 0.142 Thread 0x00000203d846c260  249       3       java.lang.StringBuilder::<init> (7 bytes)
Event: 0.142 Thread 0x00000203d846c260 nmethod 249 0x00000203bce4ef90 code [0x00000203bce4f120, 0x00000203bce4f268]
Event: 0.142 Thread 0x00000203d846c260  253       3       java.lang.invoke.InvokerBytecodeGenerator::emitPushArgument (150 bytes)
Event: 0.143 Thread 0x00000203d846c260 nmethod 253 0x00000203bce4f310 code [0x00000203bce4f5e0, 0x00000203bce504e8]
Event: 0.144 Thread 0x00000203d846b870 nmethod 254 0x00000203c4345110 code [0x00000203c43452c0, 0x00000203c4345678]
Event: 0.149 Thread 0x00000203d846b870  257       4       java.lang.String::length (11 bytes)
Event: 0.150 Thread 0x00000203d846b870 nmethod 257 0x00000203c4345990 code [0x00000203c4345b00, 0x00000203c4345b98]
Event: 0.150 Thread 0x00000203d846c260  258       3       java.lang.invoke.MethodType::parameterSlotCount (8 bytes)
Event: 0.150 Thread 0x00000203d846c260 nmethod 258 0x00000203bce50910 code [0x00000203bce50aa0, 0x00000203bce50bd8]
Event: 0.150 Thread 0x00000203d846c260  259   !   3       java.lang.invoke.MemberName$Factory::resolve (159 bytes)
Event: 0.151 Thread 0x00000203d846c260 nmethod 259 0x00000203bce50c90 code [0x00000203bce50ec0, 0x00000203bce515c8]
Event: 0.151 Thread 0x00000203d846c260  260       3       java.lang.invoke.MethodHandles$Lookup::lookupClassOrNull (17 bytes)
Event: 0.151 Thread 0x00000203d846c260 nmethod 260 0x00000203bce51910 code [0x00000203bce51aa0, 0x00000203bce51c38]

GC Heap History (0 events):
No events

Deoptimization events (0 events):
No events

Classes unloaded (0 events):
No events

Classes redefined (0 events):
No events

Internal exceptions (3 events):
Event: 0.105 Thread 0x00000203b919da10 Exception <a 'java/lang/ClassNotFoundException'{0x0000000711f1f228}: sun/awt/resources/spi/awtProvider> (0x0000000711f1f228) 
thrown [e:\jenkins\tmp\workspace\build\src\src\hotspot\share\classfile\systemDictionary.cpp, line 256]
Event: 0.124 Thread 0x00000203b919da10 Exception <a 'java/io/FileNotFoundException'{0x0000000711fe01b8}> (0x0000000711fe01b8) 
thrown [e:\jenkins\tmp\workspace\build\src\src\hotspot\share\prims\jni.cpp, line 516]
Event: 0.129 Thread 0x00000203b919da10 Exception <a 'java/io/FileNotFoundException'{0x0000000711c0d5d0}> (0x0000000711c0d5d0) 
thrown [e:\jenkins\tmp\workspace\build\src\src\hotspot\share\prims\jni.cpp, line 516]

VM Operations (0 events):
No events

Events (20 events):
Event: 0.153 loading class java/awt/Image$1
Event: 0.153 loading class sun/awt/image/SurfaceManager$ImageAccessor
Event: 0.153 loading class sun/awt/image/SurfaceManager$ImageAccessor done
Event: 0.153 loading class java/awt/Image$1 done
Event: 0.153 loading class sun/awt/image/SurfaceManager
Event: 0.153 loading class sun/awt/image/SurfaceManager done
Event: 0.153 loading class sun/awt/image/VolatileSurfaceManager
Event: 0.153 loading class sun/awt/image/VolatileSurfaceManager done
Event: 0.153 loading class sun/awt/windows/WDesktopPeer
Event: 0.153 loading class java/awt/peer/DesktopPeer
Event: 0.153 loading class java/awt/peer/DesktopPeer done
Event: 0.153 loading class sun/awt/windows/WDesktopPeer done
Event: 0.153 loading class javax/swing/event/EventListenerList
Event: 0.153 loading class javax/swing/event/EventListenerList done
Event: 0.153 loading class java/awt/desktop/UserSessionEvent$Reason
Event: 0.153 loading class java/awt/desktop/UserSessionEvent$Reason done
Event: 0.153 loading class jdk/internal/logger/BootstrapLogger$RedirectedLoggers
Event: 0.153 loading class jdk/internal/logger/BootstrapLogger$RedirectedLoggers done
Event: 0.153 loading class jdk/internal/logger/SurrogateLogger
Event: 0.153 loading class jdk/internal/logger/SimpleConsoleLogger


Dynamic libraries:
0x00007ff704040000 - 0x00007ff70404e000 	C:\Users\Lewis\.p2\pool\plugins\org.eclipse.justj.openjdk.hotspot.jre.full.win32.x86_64_17.0.2.v20220201-1208\jre\bin\javaw.exe
0x00007fff28b90000 - 0x00007fff28d85000 	C:\Windows\SYSTEM32\ntdll.dll
0x00007fff28540000 - 0x00007fff285fd000 	C:\Windows\System32\KERNEL32.DLL
0x00007fff26580000 - 0x00007fff2684d000 	C:\Windows\System32\KERNELBASE.dll
0x00007fff262a0000 - 0x00007fff263a0000 	C:\Windows\System32\ucrtbase.dll
0x00007fff1b9b0000 - 0x00007fff1b9c8000 	C:\Users\Lewis\.p2\pool\plugins\org.eclipse.justj.openjdk.hotspot.jre.full.win32.x86_64_17.0.2.v20220201-1208\jre\bin\jli.dll
0x00007fff1b990000 - 0x00007fff1b9a9000 	C:\Users\Lewis\.p2\pool\plugins\org.eclipse.justj.openjdk.hotspot.jre.full.win32.x86_64_17.0.2.v20220201-1208\jre\bin\VCRUNTIME140.dll
0x00007fff28770000 - 0x00007fff28910000 	C:\Windows\System32\USER32.dll
0x00007fff26850000 - 0x00007fff26872000 	C:\Windows\System32\win32u.dll
0x00007fff28510000 - 0x00007fff2853a000 	C:\Windows\System32\GDI32.dll
0x00007fff268b0000 - 0x00007fff269bb000 	C:\Windows\System32\gdi32full.dll
0x00007fff264e0000 - 0x00007fff2657d000 	C:\Windows\System32\msvcp_win.dll
0x00007fff14860000 - 0x00007fff14afa000 	C:\Windows\WinSxS\amd64_microsoft.windows.common-controls_6595b64144ccf1df_6.0.19041.1110_none_60b5254171f9507e\COMCTL32.dll
0x00007fff28600000 - 0x00007fff2869e000 	C:\Windows\System32\msvcrt.dll
0x00007fff28910000 - 0x00007fff28940000 	C:\Windows\System32\IMM32.DLL
0x00007fff21fc0000 - 0x00007fff21fcc000 	C:\Users\Lewis\.p2\pool\plugins\org.eclipse.justj.openjdk.hotspot.jre.full.win32.x86_64_17.0.2.v20220201-1208\jre\bin\vcruntime140_1.dll
0x00007ffefc0c0000 - 0x00007ffefc151000 	C:\Users\Lewis\.p2\pool\plugins\org.eclipse.justj.openjdk.hotspot.jre.full.win32.x86_64_17.0.2.v20220201-1208\jre\bin\msvcp140.dll
0x00007ffeba1f0000 - 0x00007ffebae37000 	C:\Users\Lewis\.p2\pool\plugins\org.eclipse.justj.openjdk.hotspot.jre.full.win32.x86_64_17.0.2.v20220201-1208\jre\bin\server\jvm.dll
0x00007fff27bb0000 - 0x00007fff27c5e000 	C:\Windows\System32\ADVAPI32.dll
0x00007fff27870000 - 0x00007fff2790c000 	C:\Windows\System32\sechost.dll
0x00007fff275c0000 - 0x00007fff276e5000 	C:\Windows\System32\RPCRT4.dll
0x00007fff28a20000 - 0x00007fff28a28000 	C:\Windows\System32\PSAPI.DLL
0x00007fff21e70000 - 0x00007fff21e79000 	C:\Windows\SYSTEM32\WSOCK32.dll
0x00007fff13d20000 - 0x00007fff13d47000 	C:\Windows\SYSTEM32\WINMM.dll
0x00007fff28420000 - 0x00007fff2848b000 	C:\Windows\System32\WS2_32.dll
0x00007fff20930000 - 0x00007fff2093a000 	C:\Windows\SYSTEM32\VERSION.dll
0x00007fff241c0000 - 0x00007fff241d2000 	C:\Windows\SYSTEM32\kernel.appcore.dll
0x00007fff20ad0000 - 0x00007fff20ada000 	C:\Users\Lewis\.p2\pool\plugins\org.eclipse.justj.openjdk.hotspot.jre.full.win32.x86_64_17.0.2.v20220201-1208\jre\bin\jimage.dll
0x00007fff06410000 - 0x00007fff065f4000 	C:\Windows\SYSTEM32\DBGHELP.DLL
0x00007fff204d0000 - 0x00007fff204fc000 	C:\Windows\SYSTEM32\dbgcore.DLL
0x00007fff263a0000 - 0x00007fff26422000 	C:\Windows\System32\bcryptPrimitives.dll
0x00007fff20060000 - 0x00007fff20085000 	C:\Users\Lewis\.p2\pool\plugins\org.eclipse.justj.openjdk.hotspot.jre.full.win32.x86_64_17.0.2.v20220201-1208\jre\bin\java.dll
0x00007fff20ab0000 - 0x00007fff20ac8000 	C:\Users\Lewis\.p2\pool\plugins\org.eclipse.justj.openjdk.hotspot.jre.full.win32.x86_64_17.0.2.v20220201-1208\jre\bin\zip.dll
0x00007fff27cd0000 - 0x00007fff28414000 	C:\Windows\System32\SHELL32.dll
0x00007fff243c0000 - 0x00007fff24b54000 	C:\Windows\SYSTEM32\windows.storage.dll
0x00007fff27250000 - 0x00007fff275a4000 	C:\Windows\System32\combase.dll
0x00007fff25c30000 - 0x00007fff25c5c000 	C:\Windows\SYSTEM32\Wldp.dll
0x00007fff277c0000 - 0x00007fff2786d000 	C:\Windows\System32\SHCORE.dll
0x00007fff271f0000 - 0x00007fff27245000 	C:\Windows\System32\shlwapi.dll
0x00007fff261e0000 - 0x00007fff261ff000 	C:\Windows\SYSTEM32\profapi.dll
0x00007fff1ca00000 - 0x00007fff1ca10000 	C:\Users\Lewis\.p2\pool\plugins\org.eclipse.justj.openjdk.hotspot.jre.full.win32.x86_64_17.0.2.v20220201-1208\jre\bin\verify.dll
0x00007ffebd640000 - 0x00007ffebd7ce000 	C:\Users\Lewis\.p2\pool\plugins\org.eclipse.justj.openjdk.hotspot.jre.full.win32.x86_64_17.0.2.v20220201-1208\jre\bin\awt.dll
0x00007fff286a0000 - 0x00007fff2876d000 	C:\Windows\System32\OLEAUT32.dll
0x00007fff23be0000 - 0x00007fff23c70000 	C:\Windows\SYSTEM32\apphelp.dll

dbghelp: loaded successfully - version: 4.0.5 - missing functions: none
symbol engine: initialized successfully - sym options: 0x614 - pdb path: .;C:\Users\Lewis\.p2\pool\plugins\org.eclipse.justj.openjdk.hotspot.jre.full.win32.x86_64_17.0.2.v20220201-1208\jre\bin;C:\Windows\SYSTEM32;C:\Windows\WinSxS\amd64_microsoft.windows.common-controls_6595b64144ccf1df_6.0.19041.1110_none_60b5254171f9507e;C:\Users\Lewis\.p2\pool\plugins\org.eclipse.justj.openjdk.hotspot.jre.full.win32.x86_64_17.0.2.v20220201-1208\jre\bin\server

VM Arguments:
jvm_args: -Dfile.encoding=Cp1252 -XX:+ShowCodeDetailsInExceptionMessages 
java_command: entry
java_class_path (initial): D:\Application Important\University\Eclipse\artifacts\Edgar.newList\target\classes
Launcher Type: SUN_STANDARD

[Global flags]
     intx CICompilerCount                          = 3                                         {product} {ergonomic}
     uint ConcGCThreads                            = 2                                         {product} {ergonomic}
     uint G1ConcRefinementThreads                  = 6                                         {product} {ergonomic}
   size_t G1HeapRegionSize                         = 2097152                                   {product} {ergonomic}
    uintx GCDrainStackTargetSize                   = 64                                        {product} {ergonomic}
   size_t InitialHeapSize                          = 266338304                                 {product} {ergonomic}
   size_t MarkStackSize                            = 4194304                                   {product} {ergonomic}
   size_t MaxHeapSize                              = 4259315712                                {product} {ergonomic}
   size_t MaxNewSize                               = 2554331136                                {product} {ergonomic}
   size_t MinHeapDeltaBytes                        = 2097152                                   {product} {ergonomic}
   size_t MinHeapSize                              = 8388608                                   {product} {ergonomic}
    uintx NonNMethodCodeHeapSize                   = 5832780                                {pd product} {ergonomic}
    uintx NonProfiledCodeHeapSize                  = 122912730                              {pd product} {ergonomic}
    uintx ProfiledCodeHeapSize                     = 122912730                              {pd product} {ergonomic}
    uintx ReservedCodeCacheSize                    = 251658240                              {pd product} {ergonomic}
     bool SegmentedCodeCache                       = true                                      {product} {ergonomic}
     bool ShowCodeDetailsInExceptionMessages       = true                                   {manageable} {command line}
   size_t SoftMaxHeapSize                          = 4259315712                             {manageable} {ergonomic}
     bool UseCompressedClassPointers               = true                           {product lp64_product} {ergonomic}
     bool UseCompressedOops                        = true                           {product lp64_product} {ergonomic}
     bool UseG1GC                                  = true                                      {product} {ergonomic}
     bool UseLargePagesIndividualAllocation        = false                                  {pd product} {ergonomic}

Logging:
Log output configuration:
 #0: stdout all=warning uptime,level,tags
 #1: stderr all=off uptime,level,tags

Environment Variables:
PATH=C:/Users/Lewis/.p2/pool/plugins/org.eclipse.justj.openjdk.hotspot.jre.full.win32.x86_64_17.0.2.v20220201-1208/jre/bin/server;C:/Users/Lewis/.p2/pool/plugins/org.eclipse.justj.openjdk.hotspot.jre.full.win32.x86_64_17.0.2.v20220201-1208/jre/bin;C:\Program Files\Oculus\Support\oculus-runtime;C:\Program Files (x86)\Common Files\Oracle\Java\javapath;C:\Windows\system32;C:\Windows;C:\Windows\System32\Wbem;C:\Windows\System32\WindowsPowerShell\v1.0\;C:\Windows\System32\OpenSSH\;C:\Program Files (x86)\Brackets\command;C:\Program Files\dotnet\;C:\Program Files (x86)\NVIDIA Corporation\PhysX\Common;C:\Users\Lewis\AppData\Local\Programs\Python\Python310\Scripts\;C:\Users\Lewis\AppData\Local\Programs\Python\Python310\;C:\Users\Lewis\AppData\Local\Microsoft\WindowsApps;E:\Application Important\Programs\Microsoft VS Code\bin;C:\Program Files\mingw-w64\x86_64-8.1.0-posix-seh-rt_v6-rev0\mingw64\bin;C:\Users\Lewis\.dotnet\tools;C:\Windows\System32;
USERNAME=Lewis
OS=Windows_NT
PROCESSOR_IDENTIFIER=Intel64 Family 6 Model 158 Stepping 12, GenuineIntel



---------------  S Y S T E M  ---------------

OS:
 Windows 10 , 64 bit Build 19041 (10.0.19041.1706)
OS uptime: 1 days 7:36 hours

CPU: total 6 (initial active 6) (6 cores per cpu, 1 threads per core) family 6 model 158 stepping 12 microcode 0xae, cx8, cmov, fxsr, mmx, 3dnowpref, sse, sse2, sse3, ssse3, sse4.1, sse4.2, popcnt, lzcnt, tsc, tscinvbit, avx, avx2, aes, erms, clmul, bmi1, bmi2, rtm, adx, fma, vzeroupper, clflush, clflushopt

Memory: 4k page, system-wide physical 16246M (7017M free)
TotalPageFile size 32883M (AvailPageFile size 4M)
current process WorkingSet (physical memory assigned to process): 40M, peak: 40M
current process commit charge ("private bytes"): 336M, peak: 336M

vm_info: OpenJDK 64-Bit Server VM (17.0.2+8) for windows-amd64 JRE (17.0.2+8), built on Jan 20 2022 04:52:34 by "" with MS VC++ 16.7 (VS2019)

END.
