#
# There is insufficient memory for the Java Runtime Environment to continue.
# Native memory allocation (mmap) failed to map 266338304 bytes for G1 virtual space
# Possible reasons:
#   The system is out of physical RAM or swap space
#   The process is running with CompressedOops enabled, and the Java Heap may be blocking the growth of the native heap
# Possible solutions:
#   Reduce memory load on the system
#   Increase physical memory or swap space
#   Check if swap backing store is full
#   Decrease Java heap size (-Xmx/-Xms)
#   Decrease number of Java threads
#   Decrease Java thread stack sizes (-Xss)
#   Set larger code cache with -XX:ReservedCodeCacheSize=
#   JVM is running with Zero Based Compressed Oops mode in which the Java heap is
#     placed in the first 32GB address space. The Java Heap base address is the
#     maximum limit for the native heap growth. Please use -XX:HeapBaseMinAddress
#     to set the Java Heap base and to place the Java Heap above 32GB virtual address.
# This output file may be truncated or incomplete.
#
#  Out of Memory Error (os_windows.cpp:3532), pid=18092, tid=25156
#
# JRE version:  (17.0.2+8) (build )
# Java VM: OpenJDK 64-Bit Server VM (17.0.2+8, mixed mode, sharing, tiered, compressed oops, compressed class ptrs, g1 gc, windows-amd64)
# No core dump will be written. Minidumps are not enabled by default on client versions of Windows
#

---------------  S U M M A R Y ------------

Command Line: -Dfile.encoding=Cp1252 -XX:+ShowCodeDetailsInExceptionMessages entry

Host: Intel(R) Core(TM) i5-9600K CPU @ 3.70GHz, 6 cores, 15G,  Windows 10 , 64 bit Build 19041 (10.0.19041.1706)
Time: Sun Jun 12 00:15:35 2022 GMT Daylight Time elapsed time: 0.007601 seconds (0d 0h 0m 0s)

---------------  T H R E A D  ---------------

Current thread (0x0000014a9ce3ca60):  JavaThread "Unknown thread" [_thread_in_vm, id=25156, stack(0x0000001f28d00000,0x0000001f28e00000)]

Stack: [0x0000001f28d00000,0x0000001f28e00000]
Native frames: (J=compiled Java code, j=interpreted, Vv=VM code, C=native code)
V  [jvm.dll+0x67564a]
V  [jvm.dll+0x82fc04]
V  [jvm.dll+0x8313ae]
V  [jvm.dll+0x831a13]
V  [jvm.dll+0x245235]
V  [jvm.dll+0x672539]
V  [jvm.dll+0x666e82]
V  [jvm.dll+0x30401b]
V  [jvm.dll+0x30b566]
V  [jvm.dll+0x35b1fe]
V  [jvm.dll+0x35b42f]
V  [jvm.dll+0x2daf58]
V  [jvm.dll+0x2dbec4]
V  [jvm.dll+0x801881]
V  [jvm.dll+0x368f81]
V  [jvm.dll+0x7e0cdc]
V  [jvm.dll+0x3eb8bf]
V  [jvm.dll+0x3ed441]
C  [jli.dll+0x5277]
C  [ucrtbase.dll+0x21bb2]
C  [KERNEL32.DLL+0x17034]
C  [ntdll.dll+0x52651]


---------------  P R O C E S S  ---------------

Threads class SMR info:
_java_thread_list=0x00007ffebad05e98, length=0, elements={
}

Java Threads: ( => current thread )

Other Threads:
  0x0000014a9ce8b220 GCTaskThread "GC Thread#0" [stack: 0x0000001f28e00000,0x0000001f28f00000] [id=12544]
  0x0000014a9ce9cf40 ConcurrentGCThread "G1 Main Marker" [stack: 0x0000001f28f00000,0x0000001f29000000] [id=23196]
  0x0000014a9ce9e0f0 ConcurrentGCThread "G1 Conc#0" [stack: 0x0000001f29000000,0x0000001f29100000] [id=26224]

[error occurred during error reporting (printing all threads), id 0xc0000005, EXCEPTION_ACCESS_VIOLATION (0xc0000005) at pc=0x00007ffeba4db9d7]

VM state: not at safepoint (not fully initialized)

VM Mutex/Monitor currently owned by a thread:  ([mutex/lock_event])
[0x0000014a9ce36e50] Heap_lock - owner thread: 0x0000014a9ce3ca60

Heap address: 0x0000000702200000, size: 4062 MB, Compressed Oops mode: Zero based, Oop shift amount: 3

CDS archive(s) mapped at: [0x0000000000000000-0x0000000000000000-0x0000000000000000), size 0, SharedBaseAddress: 0x0000000800000000, ArchiveRelocationMode: 0.
Narrow klass base: 0x0000000000000000, Narrow klass shift: 0, Narrow klass range: 0x0

GC Precious Log:
<Empty>

Heap:
 garbage-first heap   total 0K, used 0K [0x0000000702200000, 0x0000000800000000)
  region size 2048K, 0 young (0K), 0 survivors (0K)

[error occurred during error reporting (printing heap information), id 0xc0000005, EXCEPTION_ACCESS_VIOLATION (0xc0000005) at pc=0x00007ffeba8be899]

GC Heap History (0 events):
No events

Deoptimization events (0 events):
No events

Classes unloaded (0 events):
No events

Classes redefined (0 events):
No events

Internal exceptions (0 events):
No events

VM Operations (0 events):
No events

Events (1 events):
Event: 0.005 Loaded shared library C:\Users\Lewis\.p2\pool\plugins\org.eclipse.justj.openjdk.hotspot.jre.full.win32.x86_64_17.0.2.v20220201-1208\jre\bin\java.dll


Dynamic libraries:
0x00007ff704040000 - 0x00007ff70404e000 	C:\Users\Lewis\.p2\pool\plugins\org.eclipse.justj.openjdk.hotspot.jre.full.win32.x86_64_17.0.2.v20220201-1208\jre\bin\javaw.exe
0x00007fff28b90000 - 0x00007fff28d85000 	C:\Windows\SYSTEM32\ntdll.dll
0x00007fff28540000 - 0x00007fff285fd000 	C:\Windows\System32\KERNEL32.DLL
0x00007fff26580000 - 0x00007fff2684d000 	C:\Windows\System32\KERNELBASE.dll
0x00007fff262a0000 - 0x00007fff263a0000 	C:\Windows\System32\ucrtbase.dll
0x00007fff1b9b0000 - 0x00007fff1b9c8000 	C:\Users\Lewis\.p2\pool\plugins\org.eclipse.justj.openjdk.hotspot.jre.full.win32.x86_64_17.0.2.v20220201-1208\jre\bin\jli.dll
0x00007fff1b990000 - 0x00007fff1b9a9000 	C:\Users\Lewis\.p2\pool\plugins\org.eclipse.justj.openjdk.hotspot.jre.full.win32.x86_64_17.0.2.v20220201-1208\jre\bin\VCRUNTIME140.dll
0x00007fff28770000 - 0x00007fff28910000 	C:\Windows\System32\USER32.dll
0x00007fff26850000 - 0x00007fff26872000 	C:\Windows\System32\win32u.dll
0x00007fff14860000 - 0x00007fff14afa000 	C:\Windows\WinSxS\amd64_microsoft.windows.common-controls_6595b64144ccf1df_6.0.19041.1110_none_60b5254171f9507e\COMCTL32.dll
0x00007fff28510000 - 0x00007fff2853a000 	C:\Windows\System32\GDI32.dll
0x00007fff28600000 - 0x00007fff2869e000 	C:\Windows\System32\msvcrt.dll
0x00007fff268b0000 - 0x00007fff269bb000 	C:\Windows\System32\gdi32full.dll
0x00007fff264e0000 - 0x00007fff2657d000 	C:\Windows\System32\msvcp_win.dll
0x00007fff28910000 - 0x00007fff28940000 	C:\Windows\System32\IMM32.DLL
0x00007fff21fc0000 - 0x00007fff21fcc000 	C:\Users\Lewis\.p2\pool\plugins\org.eclipse.justj.openjdk.hotspot.jre.full.win32.x86_64_17.0.2.v20220201-1208\jre\bin\vcruntime140_1.dll
0x00007ffefc0c0000 - 0x00007ffefc151000 	C:\Users\Lewis\.p2\pool\plugins\org.eclipse.justj.openjdk.hotspot.jre.full.win32.x86_64_17.0.2.v20220201-1208\jre\bin\msvcp140.dll
0x00007ffeba1f0000 - 0x00007ffebae37000 	C:\Users\Lewis\.p2\pool\plugins\org.eclipse.justj.openjdk.hotspot.jre.full.win32.x86_64_17.0.2.v20220201-1208\jre\bin\server\jvm.dll
0x00007fff27bb0000 - 0x00007fff27c5e000 	C:\Windows\System32\ADVAPI32.dll
0x00007fff27870000 - 0x00007fff2790c000 	C:\Windows\System32\sechost.dll
0x00007fff275c0000 - 0x00007fff276e5000 	C:\Windows\System32\RPCRT4.dll
0x00007fff28a20000 - 0x00007fff28a28000 	C:\Windows\System32\PSAPI.DLL
0x00007fff21e70000 - 0x00007fff21e79000 	C:\Windows\SYSTEM32\WSOCK32.dll
0x00007fff13d20000 - 0x00007fff13d47000 	C:\Windows\SYSTEM32\WINMM.dll
0x00007fff28420000 - 0x00007fff2848b000 	C:\Windows\System32\WS2_32.dll
0x00007fff20930000 - 0x00007fff2093a000 	C:\Windows\SYSTEM32\VERSION.dll
0x00007fff241c0000 - 0x00007fff241d2000 	C:\Windows\SYSTEM32\kernel.appcore.dll
0x00007fff20ad0000 - 0x00007fff20ada000 	C:\Users\Lewis\.p2\pool\plugins\org.eclipse.justj.openjdk.hotspot.jre.full.win32.x86_64_17.0.2.v20220201-1208\jre\bin\jimage.dll
0x00007fff06410000 - 0x00007fff065f4000 	C:\Windows\SYSTEM32\DBGHELP.DLL
0x00007fff204d0000 - 0x00007fff204fc000 	C:\Windows\SYSTEM32\dbgcore.DLL
0x00007fff263a0000 - 0x00007fff26422000 	C:\Windows\System32\bcryptPrimitives.dll
0x00007fff20060000 - 0x00007fff20085000 	C:\Users\Lewis\.p2\pool\plugins\org.eclipse.justj.openjdk.hotspot.jre.full.win32.x86_64_17.0.2.v20220201-1208\jre\bin\java.dll

dbghelp: loaded successfully - version: 4.0.5 - missing functions: none
symbol engine: initialized successfully - sym options: 0x614 - pdb path: .;C:\Users\Lewis\.p2\pool\plugins\org.eclipse.justj.openjdk.hotspot.jre.full.win32.x86_64_17.0.2.v20220201-1208\jre\bin;C:\Windows\SYSTEM32;C:\Windows\WinSxS\amd64_microsoft.windows.common-controls_6595b64144ccf1df_6.0.19041.1110_none_60b5254171f9507e;C:\Users\Lewis\.p2\pool\plugins\org.eclipse.justj.openjdk.hotspot.jre.full.win32.x86_64_17.0.2.v20220201-1208\jre\bin\server

VM Arguments:
jvm_args: -Dfile.encoding=Cp1252 -XX:+ShowCodeDetailsInExceptionMessages 
java_command: entry
java_class_path (initial): D:\Application Important\University\Eclipse\artifacts\Edgar.newList\target\classes
Launcher Type: SUN_STANDARD

[Global flags]
     intx CICompilerCount                          = 3                                         {product} {ergonomic}
     uint ConcGCThreads                            = 2                                         {product} {ergonomic}
     uint G1ConcRefinementThreads                  = 6                                         {product} {ergonomic}
   size_t G1HeapRegionSize                         = 2097152                                   {product} {ergonomic}
    uintx GCDrainStackTargetSize                   = 64                                        {product} {ergonomic}
   size_t InitialHeapSize                          = 266338304                                 {product} {ergonomic}
   size_t MarkStackSize                            = 4194304                                   {product} {ergonomic}
   size_t MaxHeapSize                              = 4259315712                                {product} {ergonomic}
   size_t MinHeapDeltaBytes                        = 2097152                                   {product} {ergonomic}
   size_t MinHeapSize                              = 8388608                                   {product} {ergonomic}
    uintx NonNMethodCodeHeapSize                   = 5832780                                {pd product} {ergonomic}
    uintx NonProfiledCodeHeapSize                  = 122912730                              {pd product} {ergonomic}
    uintx ProfiledCodeHeapSize                     = 122912730                              {pd product} {ergonomic}
    uintx ReservedCodeCacheSize                    = 251658240                              {pd product} {ergonomic}
     bool SegmentedCodeCache                       = true                                      {product} {ergonomic}
     bool ShowCodeDetailsInExceptionMessages       = true                                   {manageable} {command line}
   size_t SoftMaxHeapSize                          = 4259315712                             {manageable} {ergonomic}
     bool UseCompressedClassPointers               = true                           {product lp64_product} {ergonomic}
     bool UseCompressedOops                        = true                           {product lp64_product} {ergonomic}
     bool UseG1GC                                  = true                                      {product} {ergonomic}
     bool UseLargePagesIndividualAllocation        = false                                  {pd product} {ergonomic}

Logging:
Log output configuration:
 #0: stdout all=warning uptime,level,tags
 #1: stderr all=off uptime,level,tags

Environment Variables:
PATH=C:/Users/Lewis/.p2/pool/plugins/org.eclipse.justj.openjdk.hotspot.jre.full.win32.x86_64_17.0.2.v20220201-1208/jre/bin/server;C:/Users/Lewis/.p2/pool/plugins/org.eclipse.justj.openjdk.hotspot.jre.full.win32.x86_64_17.0.2.v20220201-1208/jre/bin;C:\Program Files\Oculus\Support\oculus-runtime;C:\Program Files (x86)\Common Files\Oracle\Java\javapath;C:\Windows\system32;C:\Windows;C:\Windows\System32\Wbem;C:\Windows\System32\WindowsPowerShell\v1.0\;C:\Windows\System32\OpenSSH\;C:\Program Files (x86)\Brackets\command;C:\Program Files\dotnet\;C:\Program Files (x86)\NVIDIA Corporation\PhysX\Common;C:\Users\Lewis\AppData\Local\Programs\Python\Python310\Scripts\;C:\Users\Lewis\AppData\Local\Programs\Python\Python310\;C:\Users\Lewis\AppData\Local\Microsoft\WindowsApps;E:\Application Important\Programs\Microsoft VS Code\bin;C:\Program Files\mingw-w64\x86_64-8.1.0-posix-seh-rt_v6-rev0\mingw64\bin;C:\Users\Lewis\.dotnet\tools;C:\Windows\System32;
USERNAME=Lewis
OS=Windows_NT
PROCESSOR_IDENTIFIER=Intel64 Family 6 Model 158 Stepping 12, GenuineIntel



---------------  S Y S T E M  ---------------

OS:
 Windows 10 , 64 bit Build 19041 (10.0.19041.1706)
OS uptime: 1 days 7:48 hours

CPU: total 6 (initial active 6) (6 cores per cpu, 1 threads per core) family 6 model 158 stepping 12 microcode 0xae, cx8, cmov, fxsr, mmx, 3dnowpref, sse, sse2, sse3, ssse3, sse4.1, sse4.2, popcnt, lzcnt, tsc, tscinvbit, avx, avx2, aes, erms, clmul, bmi1, bmi2, rtm, adx, fma, vzeroupper, clflush, clflushopt

Memory: 4k page, system-wide physical 16246M (6854M free)
TotalPageFile size 32883M (AvailPageFile size 112M)
current process WorkingSet (physical memory assigned to process): 10M, peak: 10M
current process commit charge ("private bytes"): 55M, peak: 309M

vm_info: OpenJDK 64-Bit Server VM (17.0.2+8) for windows-amd64 JRE (17.0.2+8), built on Jan 20 2022 04:52:34 by "" with MS VC++ 16.7 (VS2019)

END.
